{"C:\\Users\\suman\\Desktop\\Projects\\Vue\\shopcart\\src\\assets\\photo.jpg": {"path":"C:\\Users\\suman\\Desktop\\Projects\\Vue\\shopcart\\src\\assets\\photo.jpg","statementMap":{"0":{"start":{"line":1,"column":0},"end":{"line":1,"column":19}}},"fnMap":{},"branchMap":{},"s":{"0":2},"f":{},"b":{},"_coverageSchema":"1a1c01bbd47fc00a2c39e90264f33305004495a9","hash":"9a38020d4d1963b00866df4bffda590d93e5db24"}
,"C:\\Users\\suman\\Desktop\\Projects\\Vue\\shopcart\\src\\components\\CheckOutComponent.vue": {"path":"C:\\Users\\suman\\Desktop\\Projects\\Vue\\shopcart\\src\\components\\CheckOutComponent.vue","statementMap":{"0":{"start":{"line":4,"column":0},"end":{"line":6,"column":3}},"1":{"start":{"line":7,"column":0},"end":{"line":7,"column":25}},"2":{"start":{"line":8,"column":0},"end":{"line":8,"column":44}},"3":{"start":{"line":9,"column":15},"end":{"line":42,"column":1}},"4":{"start":{"line":12,"column":4},"end":{"line":15,"column":6}},"5":{"start":{"line":19,"column":6},"end":{"line":19,"column":46}},"6":{"start":{"line":24,"column":6},"end":{"line":28,"column":7}},"7":{"start":{"line":25,"column":8},"end":{"line":25,"column":46}},"8":{"start":{"line":27,"column":8},"end":{"line":27,"column":48}},"9":{"start":{"line":31,"column":6},"end":{"line":31,"column":49}},"10":{"start":{"line":34,"column":6},"end":{"line":34,"column":26}},"11":{"start":{"line":37,"column":6},"end":{"line":39,"column":9}},"12":{"start":{"line":45,"column":0},"end":{"line":45,"column":13}},"13":{"start":{"line":47,"column":29},"end":{"line":47,"column":153}},"14":{"start":{"line":48,"column":0},"end":{"line":50,"column":3}},"15":{"start":{"line":51,"column":0},"end":{"line":51,"column":24}},"16":{"start":{"line":52,"column":11},"end":{"line":52,"column":25}},"17":{"start":{"line":53,"column":13},"end":{"line":53,"column":67}},"18":{"start":{"line":54,"column":19},"end":{"line":56,"column":1}},"19":{"start":{"line":57,"column":32},"end":{"line":63,"column":41}},"20":{"start":{"line":64,"column":32},"end":{"line":66,"column":26}},"21":{"start":{"line":67,"column":32},"end":{"line":76,"column":22}},"22":{"start":{"line":77,"column":19},"end":{"line":79,"column":1}},"23":{"start":{"line":80,"column":19},"end":{"line":82,"column":1}},"24":{"start":{"line":83,"column":19},"end":{"line":85,"column":1}},"25":{"start":{"line":86,"column":19},"end":{"line":89,"column":1}},"26":{"start":{"line":90,"column":19},"end":{"line":95,"column":1}},"27":{"start":{"line":96,"column":33},"end":{"line":96,"column":104}},"28":{"start":{"line":97,"column":20},"end":{"line":99,"column":1}},"29":{"start":{"line":100,"column":20},"end":{"line":100,"column":31}},"30":{"start":{"line":101,"column":33},"end":{"line":103,"column":26}},"31":{"start":{"line":104,"column":20},"end":{"line":104,"column":33}},"32":{"start":{"line":105,"column":20},"end":{"line":110,"column":1}},"33":{"start":{"line":111,"column":20},"end":{"line":111,"column":31}},"34":{"start":{"line":112,"column":33},"end":{"line":114,"column":26}},"35":{"start":{"line":115,"column":20},"end":{"line":115,"column":33}},"36":{"start":{"line":116,"column":20},"end":{"line":118,"column":1}},"37":{"start":{"line":119,"column":20},"end":{"line":124,"column":1}},"38":{"start":{"line":125,"column":33},"end":{"line":125,"column":104}},"39":{"start":{"line":126,"column":20},"end":{"line":128,"column":1}},"40":{"start":{"line":129,"column":33},"end":{"line":131,"column":71}},"41":{"start":{"line":132,"column":20},"end":{"line":134,"column":1}},"42":{"start":{"line":135,"column":20},"end":{"line":137,"column":1}},"43":{"start":{"line":138,"column":20},"end":{"line":140,"column":1}},"44":{"start":{"line":141,"column":33},"end":{"line":143,"column":38}},"45":{"start":{"line":144,"column":20},"end":{"line":146,"column":1}},"46":{"start":{"line":147,"column":33},"end":{"line":147,"column":110}},"47":{"start":{"line":148,"column":20},"end":{"line":150,"column":1}},"48":{"start":{"line":151,"column":33},"end":{"line":159,"column":43}},"49":{"start":{"line":160,"column":20},"end":{"line":160,"column":33}},"50":{"start":{"line":161,"column":33},"end":{"line":163,"column":33}},"51":{"start":{"line":164,"column":20},"end":{"line":164,"column":33}},"52":{"start":{"line":166,"column":2},"end":{"line":197,"column":22}},"53":{"start":{"line":167,"column":4},"end":{"line":176,"column":322}},"54":{"start":{"line":172,"column":25},"end":{"line":172,"column":50}},"55":{"start":{"line":175,"column":25},"end":{"line":175,"column":45}},"56":{"start":{"line":184,"column":6},"end":{"line":184,"column":54}},"57":{"start":{"line":195,"column":6},"end":{"line":195,"column":68}},"58":{"start":{"line":198,"column":2},"end":{"line":198,"column":49}}},"fnMap":{"0":{"name":"(anonymous_0)","decl":{"start":{"line":11,"column":2},"end":{"line":11,"column":3}},"loc":{"start":{"line":11,"column":9},"end":{"line":16,"column":3}},"line":11},"1":{"name":"(anonymous_1)","decl":{"start":{"line":18,"column":4},"end":{"line":18,"column":5}},"loc":{"start":{"line":18,"column":19},"end":{"line":20,"column":5}},"line":18},"2":{"name":"(anonymous_2)","decl":{"start":{"line":23,"column":4},"end":{"line":23,"column":5}},"loc":{"start":{"line":23,"column":20},"end":{"line":29,"column":5}},"line":23},"3":{"name":"(anonymous_3)","decl":{"start":{"line":30,"column":4},"end":{"line":30,"column":5}},"loc":{"start":{"line":30,"column":25},"end":{"line":32,"column":5}},"line":30},"4":{"name":"(anonymous_4)","decl":{"start":{"line":33,"column":4},"end":{"line":33,"column":5}},"loc":{"start":{"line":33,"column":20},"end":{"line":35,"column":5}},"line":33},"5":{"name":"(anonymous_5)","decl":{"start":{"line":36,"column":4},"end":{"line":36,"column":5}},"loc":{"start":{"line":36,"column":13},"end":{"line":40,"column":5}},"line":36},"6":{"name":"render","decl":{"start":{"line":165,"column":9},"end":{"line":165,"column":15}},"loc":{"start":{"line":165,"column":30},"end":{"line":198,"column":1}},"line":165},"7":{"name":"(anonymous_7)","decl":{"start":{"line":166,"column":211},"end":{"line":166,"column":212}},"loc":{"start":{"line":166,"column":219},"end":{"line":177,"column":3}},"line":166},"8":{"name":"(anonymous_8)","decl":{"start":{"line":172,"column":15},"end":{"line":172,"column":16}},"loc":{"start":{"line":172,"column":25},"end":{"line":172,"column":50}},"line":172},"9":{"name":"(anonymous_9)","decl":{"start":{"line":175,"column":15},"end":{"line":175,"column":16}},"loc":{"start":{"line":175,"column":25},"end":{"line":175,"column":45}},"line":175},"10":{"name":"(anonymous_10)","decl":{"start":{"line":183,"column":39},"end":{"line":183,"column":40}},"loc":{"start":{"line":183,"column":51},"end":{"line":185,"column":5}},"line":183},"11":{"name":"(anonymous_11)","decl":{"start":{"line":194,"column":39},"end":{"line":194,"column":40}},"loc":{"start":{"line":194,"column":51},"end":{"line":196,"column":5}},"line":194}},"branchMap":{"0":{"loc":{"start":{"line":24,"column":6},"end":{"line":28,"column":7}},"type":"if","locations":[{"start":{"line":24,"column":6},"end":{"line":28,"column":7}},{"start":{"line":26,"column":13},"end":{"line":28,"column":7}}],"line":24},"1":{"loc":{"start":{"line":183,"column":13},"end":{"line":185,"column":6}},"type":"binary-expr","locations":[{"start":{"line":183,"column":13},"end":{"line":183,"column":22}},{"start":{"line":183,"column":27},"end":{"line":185,"column":5}}],"line":183},"2":{"loc":{"start":{"line":184,"column":13},"end":{"line":184,"column":53}},"type":"binary-expr","locations":[{"start":{"line":184,"column":13},"end":{"line":184,"column":24}},{"start":{"line":184,"column":28},"end":{"line":184,"column":53}}],"line":184},"3":{"loc":{"start":{"line":194,"column":13},"end":{"line":196,"column":6}},"type":"binary-expr","locations":[{"start":{"line":194,"column":13},"end":{"line":194,"column":22}},{"start":{"line":194,"column":27},"end":{"line":196,"column":5}}],"line":194},"4":{"loc":{"start":{"line":195,"column":13},"end":{"line":195,"column":67}},"type":"binary-expr","locations":[{"start":{"line":195,"column":13},"end":{"line":195,"column":31}},{"start":{"line":195,"column":35},"end":{"line":195,"column":67}}],"line":195}},"s":{"0":1,"1":1,"2":1,"3":1,"4":1,"5":1,"6":0,"7":0,"8":0,"9":1,"10":0,"11":0,"12":1,"13":1,"14":1,"15":1,"16":1,"17":1,"18":1,"19":1,"20":1,"21":1,"22":1,"23":1,"24":1,"25":1,"26":1,"27":1,"28":1,"29":1,"30":1,"31":1,"32":1,"33":1,"34":1,"35":1,"36":1,"37":1,"38":1,"39":1,"40":1,"41":1,"42":1,"43":1,"44":1,"45":1,"46":1,"47":1,"48":1,"49":1,"50":1,"51":1,"52":1,"53":2,"54":0,"55":0,"56":0,"57":0,"58":1},"f":{"0":1,"1":1,"2":0,"3":1,"4":0,"5":0,"6":1,"7":2,"8":0,"9":0,"10":0,"11":0},"b":{"0":[0,0],"1":[1,1],"2":[0,0],"3":[1,1],"4":[0,0]},"inputSourceMap":{"0":"{","1":"\"","2":"v","3":"e","4":"r","5":"s","6":"i","7":"o","8":"n","9":"\"","10":":","11":"3","12":",","13":"\"","14":"s","15":"o","16":"u","17":"r","18":"c","19":"e","20":"s","21":"\"","22":":","23":"[","24":"\"","25":"C","26":":","27":"\\","28":"\\","29":"U","30":"s","31":"e","32":"r","33":"s","34":"\\","35":"\\","36":"s","37":"u","38":"m","39":"a","40":"n","41":"\\","42":"\\","43":"D","44":"e","45":"s","46":"k","47":"t","48":"o","49":"p","50":"\\","51":"\\","52":"P","53":"r","54":"o","55":"j","56":"e","57":"c","58":"t","59":"s","60":"\\","61":"\\","62":"V","63":"u","64":"e","65":"\\","66":"\\","67":"s","68":"h","69":"o","70":"p","71":"c","72":"a","73":"r","74":"t","75":"\\","76":"\\","77":"s","78":"r","79":"c","80":"\\","81":"\\","82":"c","83":"o","84":"m","85":"p","86":"o","87":"n","88":"e","89":"n","90":"t","91":"s","92":"\\","93":"\\","94":"C","95":"h","96":"e","97":"c","98":"k","99":"O","100":"u","101":"t","102":"C","103":"o","104":"m","105":"p","106":"o","107":"n","108":"e","109":"n","110":"t","111":".","112":"v","113":"u","114":"e","115":"\"","116":"]","117":",","118":"\"","119":"n","120":"a","121":"m","122":"e","123":"s","124":"\"","125":":","126":"[","127":"]","128":",","129":"\"","130":"m","131":"a","132":"p","133":"p","134":"i","135":"n","136":"g","137":"s","138":"\"","139":":","140":"\"","141":";","142":";","143":";","144":";","145":";","146":";","147":";","148":";","149":"e","150":"A","151":"+","152":"F","153":"e","154":";","155":"E","156":"A","157":"C","158":"b","159":",","160":"I","161":"A","162":"A","163":"I","164":",","165":"E","166":"A","167":"A","168":"E","169":",","170":"u","171":"B","172":"A","173":"A","174":"u","175":"B","176":";","177":"E","178":"A","179":"C","180":"7","181":"B","182":",","183":"I","184":"A","185":"A","186":"I","187":",","188":"G","189":"A","190":"A","191":"G","192":";","193":"I","194":"A","195":"C","196":"L","197":",","198":"O","199":"A","200":"A","201":"O","202":";","203":"M","204":"A","205":"C","206":"L","207":",","208":"S","209":"A","210":"A","211":"S","212":",","213":"E","214":"A","215":"A","216":"E","217":",","218":"C","219":"A","220":"A","221":"C","222":";","223":"M","224":"A","225":"C","226":"Z","227":",","228":"a","229":"A","230":"A","231":"a","232":",","233":"E","234":"A","235":"A","236":"E","237":";","238":"I","239":"A","240":"C","241":"j","242":"B","243":",","244":"C","245":"A","246":"A","247":"C","248":";","249":"E","250":"A","251":"C","252":"H","253":",","254":"C","255":"A","256":"A","257":"C","258":";","259":"E","260":"A","261":"C","262":"D","263":",","264":"Q","265":"A","266":"A","267":"Q","268":",","269":"E","270":"A","271":"A","272":"E","273":";","274":"I","275":"A","276":"C","277":"R","278":",","279":"Y","280":"A","281":"A","282":"Y","283":",","284":"G","285":"A","286":"A","287":"G","288":";","289":"M","290":"A","291":"C","292":"b","293":",","294":"O","295":"A","296":"A","297":"O","298":",","299":"I","300":"A","301":"A","302":"I","303":",","304":"C","305":"A","306":"A","307":"C","308":",","309":"M","310":"A","311":"A","312":"M","313":",","314":"C","315":"A","316":"A","317":"C","318":",","319":"O","320":"A","321":"A","322":"O","323":",","324":"C","325":"A","326":"A","327":"C","328":",","329":"Y","330":"A","331":"A","332":"Y","333":";","334":"I","335":"A","336":"C","337":"z","338":"C","339":";","340":"E","341":"A","342":"C","343":"F","344":",","345":"C","346":"A","347":"A","348":"C","349":";","350":"E","351":"A","352":"C","353":"D","354":",","355":"O","356":"A","357":"A","358":"O","359":",","360":"E","361":"A","362":"A","363":"E","364":";","365":"I","366":"A","367":"C","368":"P","369":",","370":"S","371":"A","372":"A","373":"S","374":",","375":"C","376":"A","377":"A","378":"C","379":",","380":"I","381":"A","382":"A","383":"I","384":",","385":"E","386":"A","387":"A","388":"E","389":";","390":"M","391":"A","392":"C","393":"d","394":",","395":"I","396":"A","397":"A","398":"I","399":",","400":"I","401":"A","402":"A","403":"I","404":",","405":"C","406":"A","407":"A","408":"C","409":",","410":"Y","411":"A","412":"A","413":"Y","414":",","415":"G","416":"A","417":"A","418":"G","419":",","420":"C","421":"A","422":"A","423":"C","424":",","425":"E","426":"A","427":"A","428":"E","429":";","430":"Q","431":"A","432":"C","433":"z","434":"B","435":",","436":"I","437":"A","438":"A","439":"I","440":",","441":"C","442":"A","443":"A","444":"C","445":",","446":"M","447":"A","448":"A","449":"M","450":",","451":"C","452":"A","453":"A","454":"C","455":",","456":"M","457":"A","458":"A","459":"M","460":",","461":"C","462":"A","463":"A","464":"C","465":",","466":"W","467":"A","468":"A","469":"W","470":",","471":"E","472":"A","473":"A","474":"E","475":",","476":"I","477":"A","478":"A","479":"I","480":",","481":"C","482":"A","483":"A","484":"C","485":";","486":"M","487":"A","488":"C","489":"v","490":"C","491":",","492":"C","493":"A","494":"A","495":"C","496":",","497":"M","498":"A","499":"A","500":"M","501":";","502":"Q","503":"A","504":"C","505":"L","506":",","507":"K","508":"A","509":"A","510":"K","511":",","512":"C","513":"A","514":"A","515":"E","516":",","517":"G","518":"A","519":"A","520":"E","521":",","522":"I","523":"A","524":"A","525":"I","526":",","527":"C","528":"A","529":"A","530":"C","531":",","532":"K","533":"A","534":"A","535":"M","536":",","537":"m","538":"B","539":"A","540":"A","541":"k","542":"B","543":",","544":"C","545":"A","546":"A","547":"C","548":";","549":"M","550":"A","551":"C","552":"z","553":"C","554":";","555":"I","556":"A","557":"C","558":"F","559":",","560":"C","561":"A","562":"A","563":"C","564":";","565":"I","566":"A","567":"C","568":"D","569":",","570":"c","571":"A","572":"A","573":"c","574":",","575":"C","576":"A","577":"A","578":"C","579":",","580":"I","581":"A","582":"A","583":"I","584":",","585":"E","586":"A","587":"A","588":"E","589":";","590":"M","591":"A","592":"C","593":"n","594":"B","595":",","596":"I","597":"A","598":"A","599":"I","600":",","601":"C","602":"A","603":"A","604":"C","605":",","606":"M","607":"A","608":"A","609":"M","610":",","611":"C","612":"A","613":"A","614":"C","615":",","616":"M","617":"A","618":"A","619":"M","620":",","621":"C","622":"A","623":"A","624":"C","625":",","626":"g","627":"B","628":"A","629":"A","630":"g","631":"B","632":",","633":"E","634":"A","635":"A","636":"E","637":",","638":"I","639":"A","640":"A","641":"I","642":",","643":"C","644":"A","645":"A","646":"C","647":";","648":"I","649":"A","650":"C","651":"5","652":"C","653":",","654":"C","655":"A","656":"A","657":"C","658":";","659":"I","660":"A","661":"C","662":"D","663":",","664":"a","665":"A","666":"A","667":"a","668":",","669":"G","670":"A","671":"A","672":"G","673":";","674":"M","675":"A","676":"C","677":"d","678":",","679":"K","680":"A","681":"A","682":"K","683":",","684":"C","685":"A","686":"A","687":"C","688":",","689":"Y","690":"A","691":"A","692":"Y","693":",","694":"C","695":"A","696":"A","697":"C","698":";","699":"I","700":"A","701":"C","702":"r","703":"B","704":",","705":"C","706":"A","707":"A","708":"C","709":";","710":"I","711":"A","712":"C","713":"D","714":",","715":"M","716":"A","717":"A","718":"M","719":",","720":"G","721":"A","722":"A","723":"E","724":";","725":"M","726":"A","727":"C","728":"N","729":",","730":"I","731":"A","732":"A","733":"I","734":",","735":"C","736":"A","737":"A","738":"C","739":",","740":"O","741":"A","742":"A","743":"O","744":",","745":"C","746":"A","747":"A","748":"C","749":",","750":"I","751":"A","752":"A","753":"I","754":",","755":"C","756":"A","757":"A","758":"C","759":";","760":"Q","761":"A","762":"A","763":"C","764":",","765":"I","766":"A","767":"A","768":"I","769":",","770":"E","771":"A","772":"A","773":"C","774":";","775":"M","776":"A","777":"A","778":"M","779":",","780":"C","781":"A","782":"A","783":"C","784":",","785":"C","786":"A","787":"A","788":"C","789":";","790":"I","791":"A","792":"C","793":"l","794":"C","795":";","796":"E","797":"A","798":"C","799":"F","800":";","801":"A","802":"A","803":"C","804":"F","805":",","806":"C","807":"A","808":"A","809":"C","810":";","811":"A","812":"A","813":"A","814":"A","815":";","816":"A","817":"A","818":"A","819":"A","820":"\"","821":",","822":"\"","823":"f","824":"i","825":"l","826":"e","827":"\"","828":":","829":"\"","830":"C","831":":","832":"\\","833":"\\","834":"U","835":"s","836":"e","837":"r","838":"s","839":"\\","840":"\\","841":"s","842":"u","843":"m","844":"a","845":"n","846":"\\","847":"\\","848":"D","849":"e","850":"s","851":"k","852":"t","853":"o","854":"p","855":"\\","856":"\\","857":"P","858":"r","859":"o","860":"j","861":"e","862":"c","863":"t","864":"s","865":"\\","866":"\\","867":"V","868":"u","869":"e","870":"\\","871":"\\","872":"s","873":"h","874":"o","875":"p","876":"c","877":"a","878":"r","879":"t","880":"\\","881":"\\","882":"s","883":"r","884":"c","885":"\\","886":"\\","887":"c","888":"o","889":"m","890":"p","891":"o","892":"n","893":"e","894":"n","895":"t","896":"s","897":"\\","898":"\\","899":"C","900":"h","901":"e","902":"c","903":"k","904":"O","905":"u","906":"t","907":"C","908":"o","909":"m","910":"p","911":"o","912":"n","913":"e","914":"n","915":"t","916":".","917":"v","918":"u","919":"e","920":"\"","921":",","922":"\"","923":"s","924":"o","925":"u","926":"r","927":"c","928":"e","929":"s","930":"C","931":"o","932":"n","933":"t","934":"e","935":"n","936":"t","937":"\"","938":":","939":"[","940":"\"","941":"<","942":"t","943":"e","944":"m","945":"p","946":"l","947":"a","948":"t","949":"e","950":">","951":"\\","952":"r","953":"\\","954":"n","955":" ","956":" ","957":"<","958":"d","959":"i","960":"v","961":" ","962":"c","963":"l","964":"a","965":"s","966":"s","967":"=","968":"\\","969":"\"","970":"c","971":"o","972":"n","973":"t","974":"a","975":"i","976":"n","977":"e","978":"r","979":"\\","980":"\"","981":">","982":"\\","983":"r","984":"\\","985":"n","986":" ","987":" ","988":" ","989":" ","990":"<","991":"d","992":"i","993":"v","994":" ","995":"c","996":"l","997":"a","998":"s","999":"s","1000":"=","1001":"\\","1002":"\"","1003":"r","1004":"o","1005":"w","1006":"\\","1007":"\"","1008":">","1009":"\\","1010":"r","1011":"\\","1012":"n","1013":" ","1014":" ","1015":" ","1016":" ","1017":" ","1018":" ","1019":"<","1020":"d","1021":"i","1022":"v","1023":" ","1024":"c","1025":"l","1026":"a","1027":"s","1028":"s","1029":"=","1030":"\\","1031":"\"","1032":"c","1033":"o","1034":"l","1035":"-","1036":"1","1037":"2","1038":" ","1039":"t","1040":"e","1041":"x","1042":"t","1043":"-","1044":"c","1045":"e","1046":"n","1047":"t","1048":"e","1049":"r","1050":"\\","1051":"\"","1052":">","1053":"\\","1054":"r","1055":"\\","1056":"n","1057":" ","1058":" ","1059":" ","1060":" ","1061":" ","1062":" ","1063":" ","1064":" ","1065":"<","1066":"h","1067":"3","1068":" ","1069":"c","1070":"l","1071":"a","1072":"s","1073":"s","1074":"=","1075":"\\","1076":"\"","1077":"p","1078":"t","1079":"-","1080":"3","1081":"\\","1082":"\"","1083":">","1084":"S","1085":"h","1086":"o","1087":"p","1088":"p","1089":"i","1090":"n","1091":"g","1092":" ","1093":"C","1094":"a","1095":"r","1096":"t","1097":"<","1098":"/","1099":"h","1100":"3","1101":">","1102":"\\","1103":"r","1104":"\\","1105":"n","1106":" ","1107":" ","1108":" ","1109":" ","1110":" ","1111":" ","1112":"<","1113":"/","1114":"d","1115":"i","1116":"v","1117":">","1118":"\\","1119":"r","1120":"\\","1121":"n","1122":" ","1123":" ","1124":" ","1125":" ","1126":"<","1127":"/","1128":"d","1129":"i","1130":"v","1131":">","1132":"\\","1133":"r","1134":"\\","1135":"n","1136":" ","1137":" ","1138":" ","1139":" ","1140":"<","1141":"d","1142":"i","1143":"v","1144":" ","1145":"c","1146":"l","1147":"a","1148":"s","1149":"s","1150":"=","1151":"\\","1152":"\"","1153":"r","1154":"o","1155":"w","1156":" ","1157":"m","1158":"t","1159":"-","1160":"2","1161":" ","1162":"p","1163":"t","1164":"-","1165":"3","1166":"\\","1167":"\"","1168":" ","1169":"v","1170":"-","1171":"f","1172":"o","1173":"r","1174":"=","1175":"\\","1176":"\"","1177":"p","1178":"r","1179":"o","1180":"d","1181":" ","1182":"i","1183":"n","1184":" ","1185":"c","1186":"a","1187":"r","1188":"t","1189":"P","1190":"r","1191":"o","1192":"d","1193":"u","1194":"c","1195":"t","1196":"s","1197":"\\","1198":"\"","1199":" ","1200":":","1201":"k","1202":"e","1203":"y","1204":"=","1205":"\\","1206":"\"","1207":"p","1208":"r","1209":"o","1210":"d","1211":"\\","1212":"\"","1213":">","1214":"\\","1215":"r","1216":"\\","1217":"n","1218":" ","1219":" ","1220":" ","1221":" ","1222":" ","1223":" ","1224":"<","1225":"d","1226":"i","1227":"v","1228":" ","1229":"c","1230":"l","1231":"a","1232":"s","1233":"s","1234":"=","1235":"\\","1236":"\"","1237":"c","1238":"o","1239":"l","1240":"-","1241":"1","1242":"\\","1243":"\"","1244":">","1245":"<","1246":"/","1247":"d","1248":"i","1249":"v","1250":">","1251":"\\","1252":"r","1253":"\\","1254":"n","1255":" ","1256":" ","1257":" ","1258":" ","1259":" ","1260":" ","1261":"<","1262":"d","1263":"i","1264":"v","1265":" ","1266":"c","1267":"l","1268":"a","1269":"s","1270":"s","1271":"=","1272":"\\","1273":"\"","1274":"c","1275":"o","1276":"l","1277":"-","1278":"m","1279":"d","1280":"-","1281":"3","1282":"\\","1283":"\"","1284":">","1285":"\\","1286":"r","1287":"\\","1288":"n","1289":" ","1290":" ","1291":" ","1292":" ","1293":" ","1294":" ","1295":" ","1296":" ","1297":"<","1298":"i","1299":"m","1300":"g","1301":"\\","1302":"r","1303":"\\","1304":"n","1305":" ","1306":" ","1307":" ","1308":" ","1309":" ","1310":" ","1311":" ","1312":" ","1313":" ","1314":" ","1315":"s","1316":"r","1317":"c","1318":"=","1319":"\\","1320":"\"","1321":".","1322":".","1323":"/","1324":"a","1325":"s","1326":"s","1327":"e","1328":"t","1329":"s","1330":"/","1331":"p","1332":"h","1333":"o","1334":"t","1335":"o","1336":".","1337":"j","1338":"p","1339":"g","1340":"\\","1341":"\"","1342":"\\","1343":"r","1344":"\\","1345":"n","1346":" ","1347":" ","1348":" ","1349":" ","1350":" ","1351":" ","1352":" ","1353":" ","1354":" ","1355":" ","1356":"a","1357":"l","1358":"t","1359":"=","1360":"\\","1361":"\"","1362":"e","1363":"x","1364":"a","1365":"m","1366":"p","1367":"l","1368":"e","1369":"I","1370":"m","1371":"a","1372":"g","1373":"e","1374":"\\","1375":"\"","1376":"\\","1377":"r","1378":"\\","1379":"n","1380":" ","1381":" ","1382":" ","1383":" ","1384":" ","1385":" ","1386":" ","1387":" ","1388":" ","1389":" ","1390":"c","1391":"l","1392":"a","1393":"s","1394":"s","1395":"=","1396":"\\","1397":"\"","1398":"w","1399":"-","1400":"5","1401":"0","1402":" ","1403":"c","1404":"a","1405":"r","1406":"d","1407":"-","1408":"i","1409":"m","1410":"a","1411":"g","1412":"e","1413":"-","1414":"t","1415":"o","1416":"p","1417":" ","1418":"e","1419":"m","1420":"b","1421":"e","1422":"d","1423":"-","1424":"r","1425":"e","1426":"s","1427":"p","1428":"o","1429":"n","1430":"s","1431":"i","1432":"v","1433":"e","1434":" ","1435":"e","1436":"m","1437":"b","1438":"e","1439":"d","1440":"-","1441":"r","1442":"e","1443":"s","1444":"p","1445":"o","1446":"n","1447":"s","1448":"i","1449":"v","1450":"e","1451":"-","1452":"1","1453":"6","1454":"b","1455":"y","1456":"9","1457":"\\","1458":"\"","1459":"\\","1460":"r","1461":"\\","1462":"n","1463":" ","1464":" ","1465":" ","1466":" ","1467":" ","1468":" ","1469":" ","1470":" ","1471":" ","1472":" ","1473":"s","1474":"t","1475":"y","1476":"l","1477":"e","1478":"=","1479":"\\","1480":"\"","1481":"o","1482":"b","1483":"j","1484":"e","1485":"c","1486":"t","1487":"-","1488":"f","1489":"i","1490":"t","1491":":","1492":" ","1493":"c","1494":"o","1495":"v","1496":"e","1497":"r","1498":"\\","1499":"\"","1500":"\\","1501":"r","1502":"\\","1503":"n","1504":" ","1505":" ","1506":" ","1507":" ","1508":" ","1509":" ","1510":" ","1511":" ","1512":"/","1513":">","1514":"\\","1515":"r","1516":"\\","1517":"n","1518":" ","1519":" ","1520":" ","1521":" ","1522":" ","1523":" ","1524":"<","1525":"/","1526":"d","1527":"i","1528":"v","1529":">","1530":"\\","1531":"r","1532":"\\","1533":"n","1534":"\\","1535":"r","1536":"\\","1537":"n","1538":" ","1539":" ","1540":" ","1541":" ","1542":" ","1543":" ","1544":"<","1545":"d","1546":"i","1547":"v","1548":" ","1549":"c","1550":"l","1551":"a","1552":"s","1553":"s","1554":"=","1555":"\\","1556":"\"","1557":"c","1558":"o","1559":"l","1560":"-","1561":"m","1562":"d","1563":"-","1564":"5","1565":" ","1566":"p","1567":"x","1568":"-","1569":"3","1570":"\\","1571":"\"","1572":">","1573":"\\","1574":"r","1575":"\\","1576":"n","1577":" ","1578":" ","1579":" ","1580":" ","1581":" ","1582":" ","1583":" ","1584":" ","1585":"<","1586":"d","1587":"i","1588":"v","1589":" ","1590":"c","1591":"l","1592":"a","1593":"s","1594":"s","1595":"=","1596":"\\","1597":"\"","1598":"c","1599":"a","1600":"r","1601":"d","1602":"-","1603":"b","1604":"l","1605":"o","1606":"c","1607":"k","1608":" ","1609":"p","1610":"x","1611":"-","1612":"3","1613":"\\","1614":"\"","1615":">","1616":"\\","1617":"r","1618":"\\","1619":"n","1620":" ","1621":" ","1622":" ","1623":" ","1624":" ","1625":" ","1626":" ","1627":" ","1628":" ","1629":" ","1630":"<","1631":"h","1632":"5","1633":" ","1634":"c","1635":"l","1636":"a","1637":"s","1638":"s","1639":"=","1640":"\\","1641":"\"","1642":"c","1643":"a","1644":"r","1645":"d","1646":"-","1647":"t","1648":"i","1649":"t","1650":"l","1651":"e","1652":"\\","1653":"\"","1654":">","1655":"{","1656":"{","1657":" ","1658":"p","1659":"r","1660":"o","1661":"d","1662":".","1663":"t","1664":"i","1665":"t","1666":"l","1667":"e","1668":" ","1669":"}","1670":"}","1671":"<","1672":"/","1673":"h","1674":"5","1675":">","1676":"\\","1677":"r","1678":"\\","1679":"n","1680":"\\","1681":"r","1682":"\\","1683":"n","1684":" ","1685":" ","1686":" ","1687":" ","1688":" ","1689":" ","1690":" ","1691":" ","1692":" ","1693":" ","1694":"<","1695":"p","1696":" ","1697":"c","1698":"l","1699":"a","1700":"s","1701":"s","1702":"=","1703":"\\","1704":"\"","1705":"m","1706":"b","1707":"-","1708":"0","1709":" ","1710":"f","1711":"o","1712":"n","1713":"t","1714":"-","1715":"w","1716":"e","1717":"i","1718":"g","1719":"h","1720":"t","1721":"-","1722":"b","1723":"o","1724":"l","1725":"d","1726":"\\","1727":"\"","1728":" ","1729":"i","1730":"d","1731":"=","1732":"\\","1733":"\"","1734":"i","1735":"t","1736":"e","1737":"m","1738":"-","1739":"p","1740":"r","1741":"i","1742":"c","1743":"e","1744":"\\","1745":"\"","1746":">","1747":"\\","1748":"r","1749":"\\","1750":"n","1751":" ","1752":" ","1753":" ","1754":" ","1755":" ","1756":" ","1757":" ","1758":" ","1759":" ","1760":" ","1761":" ","1762":" ","1763":"P","1764":"r","1765":"e","1766":"i","1767":"s","1768":":","1769":" ","1770":"{","1771":"{","1772":" ","1773":"p","1774":"r","1775":"o","1776":"d","1777":".","1778":"p","1779":"r","1780":"e","1781":"i","1782":"s","1783":" ","1784":"}","1785":"}","1786":" ","1787":"€","1788":"\\","1789":"r","1790":"\\","1791":"n","1792":" ","1793":" ","1794":" ","1795":" ","1796":" ","1797":" ","1798":" ","1799":" ","1800":" ","1801":" ","1802":"<","1803":"/","1804":"p","1805":">","1806":"\\","1807":"r","1808":"\\","1809":"n","1810":"\\","1811":"r","1812":"\\","1813":"n","1814":" ","1815":" ","1816":" ","1817":" ","1818":" ","1819":" ","1820":" ","1821":" ","1822":" ","1823":" ","1824":"<","1825":"d","1826":"i","1827":"v","1828":" ","1829":"c","1830":"l","1831":"a","1832":"s","1833":"s","1834":"=","1835":"\\","1836":"\"","1837":"b","1838":"u","1839":"t","1840":"t","1841":"o","1842":"n","1843":"-","1844":"c","1845":"o","1846":"n","1847":"t","1848":"a","1849":"i","1850":"n","1851":"e","1852":"r","1853":" ","1854":"m","1855":"t","1856":"-","1857":"1","1858":"\\","1859":"\"","1860":" ","1861":"s","1862":"t","1863":"y","1864":"l","1865":"e","1866":"=","1867":"\\","1868":"\"","1869":"f","1870":"l","1871":"o","1872":"a","1873":"t","1874":":","1875":" ","1876":"l","1877":"e","1878":"f","1879":"t","1880":"\\","1881":"\"","1882":">","1883":"\\","1884":"r","1885":"\\","1886":"n","1887":" ","1888":" ","1889":" ","1890":" ","1891":" ","1892":" ","1893":" ","1894":" ","1895":" ","1896":" ","1897":" ","1898":" ","1899":"<","1900":"h","1901":"6","1902":">","1903":"Q","1904":"u","1905":"a","1906":"n","1907":"t","1908":"i","1909":"t","1910":"y","1911":":","1912":"<","1913":"/","1914":"h","1915":"6","1916":">","1917":"\\","1918":"r","1919":"\\","1920":"n","1921":" ","1922":" ","1923":" ","1924":" ","1925":" ","1926":" ","1927":" ","1928":" ","1929":" ","1930":" ","1931":" ","1932":" ","1933":"<","1934":"d","1935":"i","1936":"v","1937":" ","1938":"c","1939":"l","1940":"a","1941":"s","1942":"s","1943":"=","1944":"\\","1945":"\"","1946":"q","1947":"u","1948":"a","1949":"n","1950":"t","1951":"i","1952":"t","1953":"y","1954":"-","1955":"i","1956":"n","1957":"p","1958":"u","1959":"t","1960":" ","1961":"m","1962":"l","1963":"-","1964":"2","1965":"\\","1966":"\"","1967":">","1968":"\\","1969":"r","1970":"\\","1971":"n","1972":" ","1973":" ","1974":" ","1975":" ","1976":" ","1977":" ","1978":" ","1979":" ","1980":" ","1981":" ","1982":" ","1983":" ","1984":" ","1985":" ","1986":"<","1987":"b","1988":"u","1989":"t","1990":"t","1991":"o","1992":"n","1993":" ","1994":"c","1995":"l","1996":"a","1997":"s","1998":"s","1999":"=","2000":"\\","2001":"\"","2002":"q","2003":"u","2004":"a","2005":"n","2006":"t","2007":"i","2008":"t","2009":"y","2010":"-","2011":"b","2012":"u","2013":"t","2014":"t","2015":"o","2016":"n","2017":"\\","2018":"\"","2019":" ","2020":"@","2021":"c","2022":"l","2023":"i","2024":"c","2025":"k","2026":"=","2027":"\\","2028":"\"","2029":"r","2030":"e","2031":"m","2032":"o","2033":"v","2034":"e","2035":"F","2036":"r","2037":"o","2038":"m","2039":"C","2040":"a","2041":"r","2042":"t","2043":"(","2044":"p","2045":"r","2046":"o","2047":"d","2048":")","2049":"\\","2050":"\"","2051":">","2052":"\\","2053":"r","2054":"\\","2055":"n","2056":" ","2057":" ","2058":" ","2059":" ","2060":" ","2061":" ","2062":" ","2063":" ","2064":" ","2065":" ","2066":" ","2067":" ","2068":" ","2069":" ","2070":" ","2071":" ","2072":"<","2073":"i","2074":" ","2075":"c","2076":"l","2077":"a","2078":"s","2079":"s","2080":"=","2081":"\\","2082":"\"","2083":"b","2084":"i","2085":" ","2086":"b","2087":"i","2088":"-","2089":"t","2090":"r","2091":"a","2092":"s","2093":"h","2094":"\\","2095":"\"","2096":">","2097":"<","2098":"/","2099":"i","2100":">","2101":"\\","2102":"r","2103":"\\","2104":"n","2105":" ","2106":" ","2107":" ","2108":" ","2109":" ","2110":" ","2111":" ","2112":" ","2113":" ","2114":" ","2115":" ","2116":" ","2117":" ","2118":" ","2119":"<","2120":"/","2121":"b","2122":"u","2123":"t","2124":"t","2125":"o","2126":"n","2127":">","2128":"\\","2129":"r","2130":"\\","2131":"n","2132":" ","2133":" ","2134":" ","2135":" ","2136":" ","2137":" ","2138":" ","2139":" ","2140":" ","2141":" ","2142":" ","2143":" ","2144":" ","2145":" ","2146":"<","2147":"p","2148":" ","2149":"c","2150":"l","2151":"a","2152":"s","2153":"s","2154":"=","2155":"\\","2156":"\"","2157":"m","2158":"b","2159":"-","2160":"0","2161":" ","2162":"m","2163":"x","2164":"-","2165":"3","2166":" ","2167":"q","2168":"u","2169":"a","2170":"n","2171":"t","2172":"i","2173":"t","2174":"y","2175":"-","2176":"p","2177":"l","2178":"a","2179":"c","2180":"e","2181":"\\","2182":"\"","2183":" ","2184":"s","2185":"t","2186":"y","2187":"l","2188":"e","2189":"=","2190":"\\","2191":"\"","2192":"f","2193":"l","2194":"o","2195":"a","2196":"t","2197":":","2198":" ","2199":"l","2200":"e","2201":"f","2202":"t","2203":"\\","2204":"\"","2205":">","2206":"\\","2207":"r","2208":"\\","2209":"n","2210":" ","2211":" ","2212":" ","2213":" ","2214":" ","2215":" ","2216":" ","2217":" ","2218":" ","2219":" ","2220":" ","2221":" ","2222":" ","2223":" ","2224":" ","2225":" ","2226":"{","2227":"{","2228":" ","2229":"p","2230":"r","2231":"o","2232":"d","2233":".","2234":"q","2235":"u","2236":"a","2237":"n","2238":"t","2239":"i","2240":"t","2241":"y","2242":" ","2243":"}","2244":"}","2245":"\\","2246":"r","2247":"\\","2248":"n","2249":" ","2250":" ","2251":" ","2252":" ","2253":" ","2254":" ","2255":" ","2256":" ","2257":" ","2258":" ","2259":" ","2260":" ","2261":" ","2262":" ","2263":"<","2264":"/","2265":"p","2266":">","2267":"\\","2268":"r","2269":"\\","2270":"n","2271":" ","2272":" ","2273":" ","2274":" ","2275":" ","2276":" ","2277":" ","2278":" ","2279":" ","2280":" ","2281":" ","2282":" ","2283":" ","2284":" ","2285":"<","2286":"b","2287":"u","2288":"t","2289":"t","2290":"o","2291":"n","2292":" ","2293":"c","2294":"l","2295":"a","2296":"s","2297":"s","2298":"=","2299":"\\","2300":"\"","2301":"q","2302":"u","2303":"a","2304":"n","2305":"t","2306":"i","2307":"t","2308":"y","2309":"-","2310":"b","2311":"u","2312":"t","2313":"t","2314":"o","2315":"n","2316":"\\","2317":"\"","2318":" ","2319":"@","2320":"c","2321":"l","2322":"i","2323":"c","2324":"k","2325":"=","2326":"\\","2327":"\"","2328":"a","2329":"d","2330":"d","2331":"T","2332":"o","2333":"C","2334":"a","2335":"r","2336":"t","2337":"(","2338":"p","2339":"r","2340":"o","2341":"d","2342":")","2343":"\\","2344":"\"","2345":">","2346":"\\","2347":"r","2348":"\\","2349":"n","2350":" ","2351":" ","2352":" ","2353":" ","2354":" ","2355":" ","2356":" ","2357":" ","2358":" ","2359":" ","2360":" ","2361":" ","2362":" ","2363":" ","2364":" ","2365":" ","2366":"<","2367":"i","2368":" ","2369":"c","2370":"l","2371":"a","2372":"s","2373":"s","2374":"=","2375":"\\","2376":"\"","2377":"b","2378":"i","2379":" ","2380":"b","2381":"i","2382":"-","2383":"b","2384":"a","2385":"g","2386":"-","2387":"p","2388":"l","2389":"u","2390":"s","2391":"-","2392":"f","2393":"i","2394":"l","2395":"l","2396":"\\","2397":"\"","2398":">","2399":"<","2400":"/","2401":"i","2402":">","2403":"\\","2404":"r","2405":"\\","2406":"n","2407":" ","2408":" ","2409":" ","2410":" ","2411":" ","2412":" ","2413":" ","2414":" ","2415":" ","2416":" ","2417":" ","2418":" ","2419":" ","2420":" ","2421":"<","2422":"/","2423":"b","2424":"u","2425":"t","2426":"t","2427":"o","2428":"n","2429":">","2430":"\\","2431":"r","2432":"\\","2433":"n","2434":" ","2435":" ","2436":" ","2437":" ","2438":" ","2439":" ","2440":" ","2441":" ","2442":" ","2443":" ","2444":" ","2445":" ","2446":"<","2447":"/","2448":"d","2449":"i","2450":"v","2451":">","2452":"\\","2453":"r","2454":"\\","2455":"n","2456":" ","2457":" ","2458":" ","2459":" ","2460":" ","2461":" ","2462":" ","2463":" ","2464":" ","2465":" ","2466":"<","2467":"/","2468":"d","2469":"i","2470":"v","2471":">","2472":"\\","2473":"r","2474":"\\","2475":"n","2476":" ","2477":" ","2478":" ","2479":" ","2480":" ","2481":" ","2482":" ","2483":" ","2484":"<","2485":"/","2486":"d","2487":"i","2488":"v","2489":">","2490":"\\","2491":"r","2492":"\\","2493":"n","2494":" ","2495":" ","2496":" ","2497":" ","2498":" ","2499":" ","2500":"<","2501":"/","2502":"d","2503":"i","2504":"v","2505":">","2506":"\\","2507":"r","2508":"\\","2509":"n","2510":" ","2511":" ","2512":" ","2513":" ","2514":" ","2515":" ","2516":"<","2517":"d","2518":"i","2519":"v","2520":" ","2521":"c","2522":"l","2523":"a","2524":"s","2525":"s","2526":"=","2527":"\\","2528":"\"","2529":"c","2530":"o","2531":"l","2532":"-","2533":"m","2534":"d","2535":"-","2536":"2","2537":" ","2538":"c","2539":"o","2540":"l","2541":"-","2542":"4","2543":"\\","2544":"\"","2545":">","2546":"\\","2547":"r","2548":"\\","2549":"n","2550":" ","2551":" ","2552":" ","2553":" ","2554":" ","2555":" ","2556":" ","2557":" ","2558":"<","2559":"p","2560":" ","2561":"c","2562":"l","2563":"a","2564":"s","2565":"s","2566":"=","2567":"\\","2568":"\"","2569":"m","2570":"b","2571":"-","2572":"0","2573":" ","2574":"i","2575":"t","2576":"e","2577":"m","2578":"s","2579":"-","2580":"c","2581":"e","2582":"n","2583":"t","2584":"e","2585":"r","2586":"\\","2587":"\"","2588":" ","2589":"s","2590":"t","2591":"y","2592":"l","2593":"e","2594":"=","2595":"\\","2596":"\"","2597":"f","2598":"l","2599":"o","2600":"a","2601":"t","2602":":","2603":" ","2604":"c","2605":"e","2606":"n","2607":"t","2608":"e","2609":"r","2610":"\\","2611":"\"","2612":">","2613":"\\","2614":"r","2615":"\\","2616":"n","2617":" ","2618":" ","2619":" ","2620":" ","2621":" ","2622":" ","2623":" ","2624":" ","2625":" ","2626":" ","2627":"<","2628":"s","2629":"t","2630":"r","2631":"o","2632":"n","2633":"g","2634":">","2635":"T","2636":"o","2637":"t","2638":"a","2639":"l","2640":"<","2641":"/","2642":"s","2643":"t","2644":"r","2645":"o","2646":"n","2647":"g","2648":">","2649":"\\","2650":"r","2651":"\\","2652":"n","2653":" ","2654":" ","2655":" ","2656":" ","2657":" ","2658":" ","2659":" ","2660":" ","2661":" ","2662":" ","2663":"<","2664":"s","2665":"p","2666":"a","2667":"n","2668":" ","2669":"c","2670":"l","2671":"a","2672":"s","2673":"s","2674":"=","2675":"\\","2676":"\"","2677":"f","2678":"o","2679":"n","2680":"t","2681":"-","2682":"w","2683":"e","2684":"i","2685":"g","2686":"h","2687":"t","2688":"-","2689":"b","2690":"o","2691":"l","2692":"d","2693":"\\","2694":"\"","2695":">","2696":"\\","2697":"r","2698":"\\","2699":"n","2700":" ","2701":" ","2702":" ","2703":" ","2704":" ","2705":" ","2706":" ","2707":" ","2708":" ","2709":" ","2710":" ","2711":" ","2712":":","2713":" ","2714":"{","2715":"{","2716":" ","2717":"p","2718":"r","2719":"o","2720":"d","2721":".","2722":"p","2723":"r","2724":"e","2725":"i","2726":"s","2727":" ","2728":"*","2729":" ","2730":"p","2731":"r","2732":"o","2733":"d","2734":".","2735":"q","2736":"u","2737":"a","2738":"n","2739":"t","2740":"i","2741":"t","2742":"y","2743":" ","2744":"}","2745":"}","2746":" ","2747":"€","2748":"\\","2749":"r","2750":"\\","2751":"n","2752":" ","2753":" ","2754":" ","2755":" ","2756":" ","2757":" ","2758":" ","2759":" ","2760":" ","2761":" ","2762":"<","2763":"/","2764":"s","2765":"p","2766":"a","2767":"n","2768":">","2769":"\\","2770":"r","2771":"\\","2772":"n","2773":" ","2774":" ","2775":" ","2776":" ","2777":" ","2778":" ","2779":" ","2780":" ","2781":"<","2782":"/","2783":"p","2784":">","2785":"\\","2786":"r","2787":"\\","2788":"n","2789":" ","2790":" ","2791":" ","2792":" ","2793":" ","2794":" ","2795":"<","2796":"/","2797":"d","2798":"i","2799":"v","2800":">","2801":"\\","2802":"r","2803":"\\","2804":"n","2805":" ","2806":" ","2807":" ","2808":" ","2809":" ","2810":" ","2811":"<","2812":"d","2813":"i","2814":"v","2815":" ","2816":"c","2817":"l","2818":"a","2819":"s","2820":"s","2821":"=","2822":"\\","2823":"\"","2824":"c","2825":"o","2826":"l","2827":"-","2828":"1","2829":"2","2830":"\\","2831":"\"","2832":">","2833":"<","2834":"h","2835":"r","2836":" ","2837":"/","2838":">","2839":"<","2840":"/","2841":"d","2842":"i","2843":"v","2844":">","2845":"\\","2846":"r","2847":"\\","2848":"n","2849":" ","2850":" ","2851":" ","2852":" ","2853":"<","2854":"/","2855":"d","2856":"i","2857":"v","2858":">","2859":"\\","2860":"r","2861":"\\","2862":"n","2863":"\\","2864":"r","2865":"\\","2866":"n","2867":" ","2868":" ","2869":" ","2870":" ","2871":"<","2872":"!","2873":"-","2874":"-","2875":" ","2876":"p","2877":"r","2878":"i","2879":"c","2880":"e","2881":" ","2882":"f","2883":"o","2884":"r","2885":" ","2886":"a","2887":"l","2888":"l","2889":" ","2890":"p","2891":"r","2892":"o","2893":"d","2894":"u","2895":"c","2896":"t","2897":"s","2898":" ","2899":"-","2900":"-","2901":">","2902":"\\","2903":"r","2904":"\\","2905":"n","2906":"\\","2907":"r","2908":"\\","2909":"n","2910":" ","2911":" ","2912":" ","2913":" ","2914":"<","2915":"d","2916":"i","2917":"v","2918":" ","2919":"c","2920":"l","2921":"a","2922":"s","2923":"s","2924":"=","2925":"\\","2926":"\"","2927":"c","2928":"o","2929":"l","2930":"-","2931":"s","2932":"m","2933":"-","2934":"4","2935":" ","2936":"c","2937":"o","2938":"l","2939":"-","2940":"m","2941":"d","2942":"-","2943":"8","2944":" ","2945":"c","2946":"o","2947":"l","2948":"-","2949":"l","2950":"g","2951":"-","2952":"1","2953":"2","2954":" ","2955":"t","2956":"o","2957":"t","2958":"a","2959":"l","2960":"-","2961":"p","2962":"r","2963":"i","2964":"c","2965":"e","2966":"\\","2967":"\"","2968":">","2969":"\\","2970":"r","2971":"\\","2972":"n","2973":" ","2974":" ","2975":" ","2976":" ","2977":" ","2978":" ","2979":"<","2980":"d","2981":"i","2982":"v","2983":" ","2984":"c","2985":"l","2986":"a","2987":"s","2988":"s","2989":"=","2990":"\\","2991":"\"","2992":"r","2993":"o","2994":"w","2995":"\\","2996":"\"","2997":">","2998":"\\","2999":"r","3000":"\\","3001":"n","3002":" ","3003":" ","3004":" ","3005":" ","3006":" ","3007":" ","3008":" ","3009":" ","3010":"<","3011":"d","3012":"i","3013":"v","3014":" ","3015":"c","3016":"l","3017":"a","3018":"s","3019":"s","3020":"=","3021":"\\","3022":"\"","3023":"c","3024":"o","3025":"l","3026":"-","3027":"8","3028":"\\","3029":"\"","3030":">","3031":"\\","3032":"r","3033":"\\","3034":"n","3035":" ","3036":" ","3037":" ","3038":" ","3039":" ","3040":" ","3041":" ","3042":" ","3043":" ","3044":" ","3045":"<","3046":"h","3047":"5","3048":">","3049":"\\","3050":"r","3051":"\\","3052":"n","3053":" ","3054":" ","3055":" ","3056":" ","3057":" ","3058":" ","3059":" ","3060":" ","3061":" ","3062":" ","3063":" ","3064":" ","3065":"<","3066":"s","3067":"t","3068":"r","3069":"o","3070":"n","3071":"g","3072":" ","3073":"c","3074":"l","3075":"a","3076":"s","3077":"s","3078":"=","3079":"\\","3080":"\"","3081":"\\","3082":"\"","3083":">","3084":"T","3085":"o","3086":"t","3087":"a","3088":"l","3089":" ","3090":"q","3091":"u","3092":"a","3093":"n","3094":"t","3095":"i","3096":"t","3097":"y","3098":"<","3099":"/","3100":"s","3101":"t","3102":"r","3103":"o","3104":"n","3105":"g","3106":">","3107":"\\","3108":"r","3109":"\\","3110":"n","3111":" ","3112":" ","3113":" ","3114":" ","3115":" ","3116":" ","3117":" ","3118":" ","3119":" ","3120":" ","3121":" ","3122":" ","3123":":","3124":" ","3125":"{","3126":"{","3127":" ","3128":"$","3129":"s","3130":"t","3131":"o","3132":"r","3133":"e","3134":".","3135":"g","3136":"e","3137":"t","3138":"t","3139":"e","3140":"r","3141":"s","3142":".","3143":"t","3144":"o","3145":"t","3146":"a","3147":"l","3148":"Q","3149":"u","3150":"a","3151":"n","3152":"t","3153":"i","3154":"t","3155":"y","3156":" ","3157":"}","3158":"}","3159":"\\","3160":"r","3161":"\\","3162":"n","3163":" ","3164":" ","3165":" ","3166":" ","3167":" ","3168":" ","3169":" ","3170":" ","3171":" ","3172":" ","3173":"<","3174":"/","3175":"h","3176":"5","3177":">","3178":"\\","3179":"r","3180":"\\","3181":"n","3182":" ","3183":" ","3184":" ","3185":" ","3186":" ","3187":" ","3188":" ","3189":" ","3190":"<","3191":"/","3192":"d","3193":"i","3194":"v","3195":">","3196":"\\","3197":"r","3198":"\\","3199":"n","3200":" ","3201":" ","3202":" ","3203":" ","3204":" ","3205":" ","3206":" ","3207":" ","3208":"<","3209":"d","3210":"i","3211":"v","3212":" ","3213":"c","3214":"l","3215":"a","3216":"s","3217":"s","3218":"=","3219":"\\","3220":"\"","3221":"c","3222":"o","3223":"l","3224":"\\","3225":"\"","3226":">","3227":"\\","3228":"r","3229":"\\","3230":"n","3231":" ","3232":" ","3233":" ","3234":" ","3235":" ","3236":" ","3237":" ","3238":" ","3239":" ","3240":" ","3241":"<","3242":"h","3243":"5","3244":">","3245":"\\","3246":"r","3247":"\\","3248":"n","3249":" ","3250":" ","3251":" ","3252":" ","3253":" ","3254":" ","3255":" ","3256":" ","3257":" ","3258":" ","3259":" ","3260":" ","3261":"<","3262":"s","3263":"t","3264":"r","3265":"o","3266":"n","3267":"g","3268":">","3269":"T","3270":"o","3271":"t","3272":"a","3273":"l","3274":" ","3275":"P","3276":"r","3277":"i","3278":"c","3279":"e","3280":"<","3281":"/","3282":"s","3283":"t","3284":"r","3285":"o","3286":"n","3287":"g","3288":">","3289":"\\","3290":"r","3291":"\\","3292":"n","3293":" ","3294":" ","3295":" ","3296":" ","3297":" ","3298":" ","3299":" ","3300":" ","3301":" ","3302":" ","3303":" ","3304":" ","3305":":","3306":" ","3307":"{","3308":"{","3309":" ","3310":"$","3311":"s","3312":"t","3313":"o","3314":"r","3315":"e","3316":".","3317":"g","3318":"e","3319":"t","3320":"t","3321":"e","3322":"r","3323":"s","3324":".","3325":"t","3326":"o","3327":"t","3328":"a","3329":"l","3330":"C","3331":"a","3332":"r","3333":"t","3334":"P","3335":"r","3336":"i","3337":"c","3338":"e","3339":" ","3340":"}","3341":"}","3342":"\\","3343":"r","3344":"\\","3345":"n","3346":" ","3347":" ","3348":" ","3349":" ","3350":" ","3351":" ","3352":" ","3353":" ","3354":" ","3355":" ","3356":"<","3357":"/","3358":"h","3359":"5","3360":">","3361":"\\","3362":"r","3363":"\\","3364":"n","3365":" ","3366":" ","3367":" ","3368":" ","3369":" ","3370":" ","3371":" ","3372":" ","3373":"<","3374":"/","3375":"d","3376":"i","3377":"v","3378":">","3379":"\\","3380":"r","3381":"\\","3382":"n","3383":" ","3384":" ","3385":" ","3386":" ","3387":" ","3388":" ","3389":"<","3390":"/","3391":"d","3392":"i","3393":"v","3394":">","3395":"\\","3396":"r","3397":"\\","3398":"n","3399":" ","3400":" ","3401":" ","3402":" ","3403":"<","3404":"/","3405":"d","3406":"i","3407":"v","3408":">","3409":"\\","3410":"r","3411":"\\","3412":"n","3413":"\\","3414":"r","3415":"\\","3416":"n","3417":" ","3418":" ","3419":" ","3420":" ","3421":"<","3422":"d","3423":"i","3424":"v","3425":" ","3426":"c","3427":"l","3428":"a","3429":"s","3430":"s","3431":"=","3432":"\\","3433":"\"","3434":"c","3435":"o","3436":"l","3437":"-","3438":"s","3439":"m","3440":"-","3441":"4","3442":" ","3443":"c","3444":"o","3445":"l","3446":"-","3447":"m","3448":"d","3449":"-","3450":"8","3451":" ","3452":"c","3453":"o","3454":"l","3455":"-","3456":"l","3457":"g","3458":"-","3459":"1","3460":"2","3461":" ","3462":"m","3463":"t","3464":"-","3465":"4","3466":"\\","3467":"\"","3468":">","3469":"\\","3470":"r","3471":"\\","3472":"n","3473":" ","3474":" ","3475":" ","3476":" ","3477":" ","3478":" ","3479":"<","3480":"d","3481":"i","3482":"v","3483":" ","3484":"c","3485":"l","3486":"a","3487":"s","3488":"s","3489":"=","3490":"\\","3491":"\"","3492":"c","3493":"a","3494":"r","3495":"d","3496":"\\","3497":"\"","3498":" ","3499":"s","3500":"t","3501":"y","3502":"l","3503":"e","3504":"=","3505":"\\","3506":"\"","3507":"b","3508":"a","3509":"c","3510":"k","3511":"g","3512":"r","3513":"o","3514":"u","3515":"n","3516":"d","3517":"-","3518":"c","3519":"o","3520":"l","3521":"o","3522":"r","3523":":","3524":" ","3525":"l","3526":"i","3527":"g","3528":"h","3529":"t","3530":"s","3531":"k","3532":"y","3533":"b","3534":"l","3535":"u","3536":"e","3537":";","3538":"c","3539":"u","3540":"r","3541":"s","3542":"o","3543":"r","3544":":","3545":" ","3546":"p","3547":"o","3548":"i","3549":"n","3550":"t","3551":"e","3552":"r","3553":";","3554":"\\","3555":"\"","3556":" ","3557":"@","3558":"c","3559":"l","3560":"i","3561":"c","3562":"k","3563":"=","3564":"\\","3565":"\"","3566":"t","3567":"o","3568":"H","3569":"o","3570":"m","3571":"e","3572":"\\","3573":"\"","3574":">","3575":"\\","3576":"r","3577":"\\","3578":"n","3579":" ","3580":" ","3581":" ","3582":" ","3583":" ","3584":" ","3585":" ","3586":" ","3587":"<","3588":"d","3589":"i","3590":"v","3591":" ","3592":"c","3593":"l","3594":"a","3595":"s","3596":"s","3597":"=","3598":"\\","3599":"\"","3600":"c","3601":"a","3602":"r","3603":"d","3604":"-","3605":"t","3606":"i","3607":"t","3608":"l","3609":"e","3610":" ","3611":"t","3612":"e","3613":"x","3614":"t","3615":"-","3616":"c","3617":"e","3618":"n","3619":"t","3620":"e","3621":"r","3622":" ","3623":"p","3624":"t","3625":"-","3626":"2","3627":"\\","3628":"\"","3629":">","3630":"\\","3631":"r","3632":"\\","3633":"n","3634":" ","3635":" ","3636":" ","3637":" ","3638":" ","3639":" ","3640":" ","3641":" ","3642":" ","3643":" ","3644":"<","3645":"d","3646":"i","3647":"v","3648":"\\","3649":"r","3650":"\\","3651":"n","3652":" ","3653":" ","3654":" ","3655":" ","3656":" ","3657":" ","3658":" ","3659":" ","3660":" ","3661":" ","3662":" ","3663":" ","3664":"s","3665":"t","3666":"y","3667":"l","3668":"e","3669":"=","3670":"\\","3671":"\"","3672":"t","3673":"e","3674":"x","3675":"t","3676":"-","3677":"d","3678":"e","3679":"c","3680":"o","3681":"r","3682":"a","3683":"t","3684":"i","3685":"o","3686":"n","3687":":","3688":" ","3689":"n","3690":"o","3691":"n","3692":"e","3693":";","3694":" ","3695":"c","3696":"o","3697":"l","3698":"o","3699":"r","3700":":","3701":" ","3702":"b","3703":"l","3704":"a","3705":"c","3706":"k","3707":";","3708":" ","3709":"f","3710":"o","3711":"n","3712":"t","3713":"-","3714":"w","3715":"e","3716":"i","3717":"g","3718":"h","3719":"t","3720":":","3721":" ","3722":"b","3723":"o","3724":"l","3725":"d","3726":"\\","3727":"\"","3728":"\\","3729":"r","3730":"\\","3731":"n","3732":" ","3733":" ","3734":" ","3735":" ","3736":" ","3737":" ","3738":" ","3739":" ","3740":" ","3741":" ","3742":" ","3743":" ","3744":">","3745":"C","3746":"o","3747":"n","3748":"t","3749":"i","3750":"n","3751":"u","3752":"e","3753":" ","3754":"s","3755":"h","3756":"o","3757":"p","3758":"p","3759":"i","3760":"n","3761":"g","3762":"<","3763":"/","3764":"d","3765":"i","3766":"v","3767":"\\","3768":"r","3769":"\\","3770":"n","3771":" ","3772":" ","3773":" ","3774":" ","3775":" ","3776":" ","3777":" ","3778":" ","3779":" ","3780":" ","3781":">","3782":"\\","3783":"r","3784":"\\","3785":"n","3786":" ","3787":" ","3788":" ","3789":" ","3790":" ","3791":" ","3792":" ","3793":" ","3794":"<","3795":"/","3796":"d","3797":"i","3798":"v","3799":">","3800":"\\","3801":"r","3802":"\\","3803":"n","3804":" ","3805":" ","3806":" ","3807":" ","3808":" ","3809":" ","3810":"<","3811":"/","3812":"d","3813":"i","3814":"v","3815":">","3816":"\\","3817":"r","3818":"\\","3819":"n","3820":" ","3821":" ","3822":" ","3823":" ","3824":" ","3825":" ","3826":"<","3827":"d","3828":"i","3829":"v","3830":"\\","3831":"r","3832":"\\","3833":"n","3834":" ","3835":" ","3836":" ","3837":" ","3838":" ","3839":" ","3840":" ","3841":" ","3842":"c","3843":"l","3844":"a","3845":"s","3846":"s","3847":"=","3848":"\\","3849":"\"","3850":"c","3851":"a","3852":"r","3853":"d","3854":" ","3855":"m","3856":"t","3857":"-","3858":"3","3859":"\\","3860":"\"","3861":"\\","3862":"r","3863":"\\","3864":"n","3865":" ","3866":" ","3867":" ","3868":" ","3869":" ","3870":" ","3871":" ","3872":" ","3873":"s","3874":"t","3875":"y","3876":"l","3877":"e","3878":"=","3879":"\\","3880":"\"","3881":"b","3882":"a","3883":"c","3884":"k","3885":"g","3886":"r","3887":"o","3888":"u","3889":"n","3890":"d","3891":"-","3892":"c","3893":"o","3894":"l","3895":"o","3896":"r","3897":":","3898":" ","3899":"g","3900":"r","3901":"e","3902":"e","3903":"n","3904":";","3905":" ","3906":"f","3907":"o","3908":"n","3909":"t","3910":"-","3911":"w","3912":"e","3913":"i","3914":"g","3915":"h","3916":"t","3917":":","3918":" ","3919":"b","3920":"o","3921":"l","3922":"d","3923":";","3924":" ","3925":"c","3926":"o","3927":"l","3928":"o","3929":"r","3930":":","3931":" ","3932":"w","3933":"h","3934":"i","3935":"t","3936":"e","3937":";","3938":" ","3939":"c","3940":"u","3941":"r","3942":"s","3943":"o","3944":"r","3945":":","3946":" ","3947":"p","3948":"o","3949":"i","3950":"n","3951":"t","3952":"e","3953":"r","3954":";","3955":"\\","3956":"\"","3957":"\\","3958":"r","3959":"\\","3960":"n","3961":" ","3962":" ","3963":" ","3964":" ","3965":" ","3966":" ","3967":" ","3968":" ","3969":"@","3970":"c","3971":"l","3972":"i","3973":"c","3974":"k","3975":"=","3976":"\\","3977":"\"","3978":"p","3979":"a","3980":"y","3981":"m","3982":"e","3983":"n","3984":"t","3985":"M","3986":"e","3987":"t","3988":"h","3989":"o","3990":"d","3991":"\\","3992":"\"","3993":"\\","3994":"r","3995":"\\","3996":"n","3997":" ","3998":" ","3999":" ","4000":" ","4001":" ","4002":" ","4003":">","4004":"\\","4005":"r","4006":"\\","4007":"n","4008":" ","4009":" ","4010":" ","4011":" ","4012":" ","4013":" ","4014":" ","4015":" ","4016":"<","4017":"d","4018":"i","4019":"v","4020":" ","4021":"c","4022":"l","4023":"a","4024":"s","4025":"s","4026":"=","4027":"\\","4028":"\"","4029":"c","4030":"a","4031":"r","4032":"d","4033":"-","4034":"t","4035":"i","4036":"t","4037":"l","4038":"e","4039":" ","4040":"t","4041":"e","4042":"x","4043":"t","4044":"-","4045":"c","4046":"e","4047":"n","4048":"t","4049":"e","4050":"r","4051":" ","4052":"p","4053":"t","4054":"-","4055":"2","4056":"\\","4057":"\"","4058":" ","4059":">","4060":"\\","4061":"r","4062":"\\","4063":"n","4064":" ","4065":" ","4066":" ","4067":" ","4068":" ","4069":" ","4070":" ","4071":" ","4072":" ","4073":" ","4074":"P","4075":"a","4076":"y","4077":"m","4078":"e","4079":"n","4080":"t","4081":"\\","4082":"r","4083":"\\","4084":"n","4085":" ","4086":" ","4087":" ","4088":" ","4089":" ","4090":" ","4091":" ","4092":" ","4093":"<","4094":"/","4095":"d","4096":"i","4097":"v","4098":">","4099":"\\","4100":"r","4101":"\\","4102":"n","4103":" ","4104":" ","4105":" ","4106":" ","4107":" ","4108":" ","4109":"<","4110":"/","4111":"d","4112":"i","4113":"v","4114":">","4115":"\\","4116":"r","4117":"\\","4118":"n","4119":" ","4120":" ","4121":" ","4122":" ","4123":"<","4124":"/","4125":"d","4126":"i","4127":"v","4128":">","4129":"\\","4130":"r","4131":"\\","4132":"n","4133":" ","4134":" ","4135":"<","4136":"/","4137":"d","4138":"i","4139":"v","4140":">","4141":"\\","4142":"r","4143":"\\","4144":"n","4145":"<","4146":"/","4147":"t","4148":"e","4149":"m","4150":"p","4151":"l","4152":"a","4153":"t","4154":"e","4155":">","4156":"\\","4157":"r","4158":"\\","4159":"n","4160":"\\","4161":"r","4162":"\\","4163":"n","4164":"<","4165":"s","4166":"c","4167":"r","4168":"i","4169":"p","4170":"t","4171":">","4172":"\\","4173":"r","4174":"\\","4175":"n","4176":"e","4177":"x","4178":"p","4179":"o","4180":"r","4181":"t","4182":" ","4183":"d","4184":"e","4185":"f","4186":"a","4187":"u","4188":"l","4189":"t","4190":" ","4191":"{","4192":"\\","4193":"r","4194":"\\","4195":"n","4196":" ","4197":" ","4198":"n","4199":"a","4200":"m","4201":"e","4202":":","4203":" ","4204":"\\","4205":"\"","4206":"C","4207":"h","4208":"e","4209":"c","4210":"k","4211":"O","4212":"u","4213":"t","4214":"C","4215":"o","4216":"m","4217":"p","4218":"o","4219":"n","4220":"e","4221":"n","4222":"t","4223":".","4224":"v","4225":"u","4226":"e","4227":"\\","4228":"\"","4229":",","4230":"\\","4231":"r","4232":"\\","4233":"n","4234":" ","4235":" ","4236":"d","4237":"a","4238":"t","4239":"a","4240":"(","4241":")","4242":" ","4243":"{","4244":"\\","4245":"r","4246":"\\","4247":"n","4248":" ","4249":" ","4250":" ","4251":" ","4252":"r","4253":"e","4254":"t","4255":"u","4256":"r","4257":"n","4258":" ","4259":"{","4260":"\\","4261":"r","4262":"\\","4263":"n","4264":" ","4265":" ","4266":" ","4267":" ","4268":" ","4269":" ","4270":"t","4271":"o","4272":"t","4273":"a","4274":"l","4275":"C","4276":"o","4277":"s","4278":"t","4279":":","4280":" ","4281":"0","4282":",","4283":"\\","4284":"r","4285":"\\","4286":"n","4287":" ","4288":" ","4289":" ","4290":" ","4291":" ","4292":" ","4293":"t","4294":"o","4295":"t","4296":"a","4297":"l","4298":"Q","4299":"u","4300":"a","4301":"n","4302":"t","4303":"i","4304":"t","4305":"y","4306":":","4307":" ","4308":"0","4309":",","4310":"\\","4311":"r","4312":"\\","4313":"n","4314":" ","4315":" ","4316":" ","4317":" ","4318":"}","4319":";","4320":"\\","4321":"r","4322":"\\","4323":"n","4324":" ","4325":" ","4326":"}","4327":",","4328":"\\","4329":"r","4330":"\\","4331":"n","4332":" ","4333":" ","4334":"c","4335":"o","4336":"m","4337":"p","4338":"u","4339":"t","4340":"e","4341":"d","4342":":","4343":" ","4344":"{","4345":"\\","4346":"r","4347":"\\","4348":"n","4349":" ","4350":" ","4351":" ","4352":" ","4353":"c","4354":"a","4355":"r","4356":"t","4357":"P","4358":"r","4359":"o","4360":"d","4361":"u","4362":"c","4363":"t","4364":"s","4365":"(","4366":")","4367":" ","4368":"{","4369":"\\","4370":"r","4371":"\\","4372":"n","4373":" ","4374":" ","4375":" ","4376":" ","4377":" ","4378":" ","4379":"r","4380":"e","4381":"t","4382":"u","4383":"r","4384":"n","4385":" ","4386":"t","4387":"h","4388":"i","4389":"s","4390":".","4391":"$","4392":"s","4393":"t","4394":"o","4395":"r","4396":"e","4397":".","4398":"g","4399":"e","4400":"t","4401":"t","4402":"e","4403":"r","4404":"s","4405":".","4406":"c","4407":"a","4408":"r","4409":"t","4410":"P","4411":"r","4412":"o","4413":"d","4414":"u","4415":"c","4416":"t","4417":"s","4418":";","4419":"\\","4420":"r","4421":"\\","4422":"n","4423":" ","4424":" ","4425":" ","4426":" ","4427":"}","4428":",","4429":"\\","4430":"r","4431":"\\","4432":"n","4433":" ","4434":" ","4435":"}","4436":",","4437":"\\","4438":"r","4439":"\\","4440":"n","4441":" ","4442":" ","4443":"m","4444":"e","4445":"t","4446":"h","4447":"o","4448":"d","4449":"s","4450":":","4451":" ","4452":"{","4453":"\\","4454":"r","4455":"\\","4456":"n","4457":" ","4458":" ","4459":" ","4460":" ","4461":"a","4462":"d","4463":"d","4464":"T","4465":"o","4466":"C","4467":"a","4468":"r","4469":"t","4470":"(","4471":"p","4472":"r","4473":"o","4474":"d","4475":")","4476":" ","4477":"{","4478":"\\","4479":"r","4480":"\\","4481":"n","4482":" ","4483":" ","4484":" ","4485":" ","4486":" ","4487":" ","4488":"i","4489":"f","4490":" ","4491":"(","4492":"p","4493":"r","4494":"o","4495":"d","4496":".","4497":"L","4498":"a","4499":"g","4500":"e","4501":"r","4502":"b","4503":"e","4504":"s","4505":"t","4506":"a","4507":"n","4508":"d","4509":" ","4510":">","4511":" ","4512":"0","4513":")","4514":" ","4515":"{","4516":"\\","4517":"r","4518":"\\","4519":"n","4520":" ","4521":" ","4522":" ","4523":" ","4524":" ","4525":" ","4526":" ","4527":" ","4528":"t","4529":"h","4530":"i","4531":"s","4532":".","4533":"$","4534":"s","4535":"t","4536":"o","4537":"r","4538":"e","4539":".","4540":"c","4541":"o","4542":"m","4543":"m","4544":"i","4545":"t","4546":"(","4547":"\\","4548":"\"","4549":"a","4550":"d","4551":"d","4552":"T","4553":"o","4554":"C","4555":"a","4556":"r","4557":"t","4558":"\\","4559":"\"","4560":",","4561":" ","4562":"p","4563":"r","4564":"o","4565":"d","4566":")","4567":";","4568":"\\","4569":"r","4570":"\\","4571":"n","4572":" ","4573":" ","4574":" ","4575":" ","4576":" ","4577":" ","4578":"}","4579":" ","4580":"e","4581":"l","4582":"s","4583":"e","4584":" ","4585":"{","4586":"\\","4587":"r","4588":"\\","4589":"n","4590":" ","4591":" ","4592":" ","4593":" ","4594":" ","4595":" ","4596":" ","4597":" ","4598":"a","4599":"l","4600":"e","4601":"r","4602":"t","4603":"(","4604":"`","4605":"$","4606":"{","4607":"p","4608":"r","4609":"o","4610":"d","4611":".","4612":"t","4613":"i","4614":"t","4615":"l","4616":"e","4617":"}","4618":" ","4619":"i","4620":"s","4621":" ","4622":"o","4623":"u","4624":"t","4625":" ","4626":"o","4627":"f","4628":" ","4629":"s","4630":"t","4631":"o","4632":"c","4633":"k","4634":"!","4635":"`","4636":")","4637":";","4638":"\\","4639":"r","4640":"\\","4641":"n","4642":" ","4643":" ","4644":" ","4645":" ","4646":" ","4647":" ","4648":"}","4649":"\\","4650":"r","4651":"\\","4652":"n","4653":" ","4654":" ","4655":" ","4656":" ","4657":"}","4658":",","4659":"\\","4660":"r","4661":"\\","4662":"n","4663":" ","4664":" ","4665":" ","4666":" ","4667":"r","4668":"e","4669":"m","4670":"o","4671":"v","4672":"e","4673":"F","4674":"r","4675":"o","4676":"m","4677":"C","4678":"a","4679":"r","4680":"t","4681":"(","4682":"p","4683":"r","4684":"o","4685":"d","4686":")","4687":" ","4688":"{","4689":"\\","4690":"r","4691":"\\","4692":"n","4693":" ","4694":" ","4695":" ","4696":" ","4697":" ","4698":" ","4699":"t","4700":"h","4701":"i","4702":"s","4703":".","4704":"$","4705":"s","4706":"t","4707":"o","4708":"r","4709":"e","4710":".","4711":"c","4712":"o","4713":"m","4714":"m","4715":"i","4716":"t","4717":"(","4718":"\\","4719":"\"","4720":"r","4721":"e","4722":"m","4723":"o","4724":"v","4725":"e","4726":"F","4727":"r","4728":"o","4729":"m","4730":"C","4731":"a","4732":"r","4733":"t","4734":"\\","4735":"\"","4736":",","4737":" ","4738":"p","4739":"r","4740":"o","4741":"d","4742":")","4743":";","4744":"\\","4745":"r","4746":"\\","4747":"n","4748":" ","4749":" ","4750":" ","4751":" ","4752":"}","4753":",","4754":"\\","4755":"r","4756":"\\","4757":"n","4758":" ","4759":" ","4760":" ","4761":" ","4762":"p","4763":"a","4764":"y","4765":"m","4766":"e","4767":"n","4768":"t","4769":"M","4770":"e","4771":"t","4772":"h","4773":"o","4774":"d","4775":"(","4776":")","4777":" ","4778":"{","4779":"\\","4780":"r","4781":"\\","4782":"n","4783":" ","4784":" ","4785":" ","4786":" ","4787":" ","4788":" ","4789":"a","4790":"l","4791":"e","4792":"r","4793":"t","4794":"(","4795":"\\","4796":"\"","4797":"S","4798":"u","4799":"c","4800":"c","4801":"e","4802":"s","4803":"s","4804":"f","4805":"u","4806":"l","4807":"\\","4808":"\"","4809":")","4810":";","4811":"\\","4812":"r","4813":"\\","4814":"n","4815":" ","4816":" ","4817":" ","4818":" ","4819":"}","4820":",","4821":"\\","4822":"r","4823":"\\","4824":"n","4825":" ","4826":" ","4827":" ","4828":" ","4829":"t","4830":"o","4831":"H","4832":"o","4833":"m","4834":"e","4835":"(","4836":")","4837":"{","4838":"\\","4839":"r","4840":"\\","4841":"n","4842":" ","4843":" ","4844":" ","4845":" ","4846":" ","4847":" ","4848":"t","4849":"h","4850":"i","4851":"s","4852":".","4853":"$","4854":"r","4855":"o","4856":"u","4857":"t","4858":"e","4859":"r","4860":".","4861":"p","4862":"u","4863":"s","4864":"h","4865":"(","4866":"{","4867":"n","4868":"a","4869":"m","4870":"e","4871":":","4872":"'","4873":"h","4874":"o","4875":"m","4876":"e","4877":"'","4878":"}","4879":")","4880":"\\","4881":"r","4882":"\\","4883":"n","4884":" ","4885":" ","4886":" ","4887":" ","4888":"}","4889":"\\","4890":"r","4891":"\\","4892":"n","4893":" ","4894":" ","4895":"}","4896":",","4897":"\\","4898":"r","4899":"\\","4900":"n","4901":"}","4902":";","4903":"\\","4904":"r","4905":"\\","4906":"n","4907":"<","4908":"/","4909":"s","4910":"c","4911":"r","4912":"i","4913":"p","4914":"t","4915":">","4916":"\\","4917":"r","4918":"\\","4919":"n","4920":"\\","4921":"r","4922":"\\","4923":"n","4924":"<","4925":"s","4926":"t","4927":"y","4928":"l","4929":"e","4930":" ","4931":"s","4932":"c","4933":"o","4934":"p","4935":"e","4936":"d","4937":">","4938":"\\","4939":"r","4940":"\\","4941":"n","4942":".","4943":"t","4944":"o","4945":"t","4946":"a","4947":"l","4948":"-","4949":"p","4950":"r","4951":"i","4952":"c","4953":"e","4954":" ","4955":"{","4956":"\\","4957":"r","4958":"\\","4959":"n","4960":" ","4961":" ","4962":"t","4963":"e","4964":"x","4965":"t","4966":"-","4967":"a","4968":"l","4969":"i","4970":"g","4971":"n","4972":":","4973":" ","4974":"e","4975":"n","4976":"d","4977":";","4978":"\\","4979":"r","4980":"\\","4981":"n","4982":" ","4983":" ","4984":"f","4985":"o","4986":"n","4987":"t","4988":"-","4989":"w","4990":"e","4991":"i","4992":"g","4993":"h","4994":"t","4995":":","4996":" ","4997":"5","4998":"0","4999":"0","5000":";","5001":"\\","5002":"r","5003":"\\","5004":"n","5005":"}","5006":"\\","5007":"r","5008":"\\","5009":"n","5010":"\\","5011":"r","5012":"\\","5013":"n","5014":".","5015":"q","5016":"u","5017":"a","5018":"n","5019":"t","5020":"i","5021":"t","5022":"y","5023":"-","5024":"p","5025":"l","5026":"a","5027":"c","5028":"e","5029":" ","5030":"{","5031":"\\","5032":"r","5033":"\\","5034":"n","5035":" ","5036":" ","5037":"b","5038":"a","5039":"c","5040":"k","5041":"g","5042":"r","5043":"o","5044":"u","5045":"n","5046":"d","5047":"-","5048":"c","5049":"o","5050":"l","5051":"o","5052":"r","5053":":","5054":" ","5055":"a","5056":"l","5057":"i","5058":"c","5059":"e","5060":"b","5061":"l","5062":"u","5063":"e","5064":";","5065":"\\","5066":"r","5067":"\\","5068":"n","5069":" ","5070":" ","5071":"w","5072":"i","5073":"d","5074":"t","5075":"h","5076":":","5077":" ","5078":"3","5079":"5","5080":"p","5081":"x","5082":";","5083":"\\","5084":"r","5085":"\\","5086":"n","5087":" ","5088":" ","5089":"t","5090":"e","5091":"x","5092":"t","5093":"-","5094":"a","5095":"l","5096":"i","5097":"g","5098":"n","5099":":","5100":" ","5101":"c","5102":"e","5103":"n","5104":"t","5105":"e","5106":"r","5107":";","5108":"\\","5109":"r","5110":"\\","5111":"n","5112":" ","5113":" ","5114":"b","5115":"o","5116":"r","5117":"d","5118":"e","5119":"r","5120":"-","5121":"r","5122":"a","5123":"d","5124":"i","5125":"u","5126":"s","5127":":","5128":" ","5129":"5","5130":"p","5131":"x","5132":";","5133":"\\","5134":"r","5135":"\\","5136":"n","5137":"}","5138":"\\","5139":"r","5140":"\\","5141":"n","5142":".","5143":"q","5144":"u","5145":"a","5146":"n","5147":"t","5148":"i","5149":"t","5150":"y","5151":"-","5152":"i","5153":"n","5154":"p","5155":"u","5156":"t","5157":" ","5158":"{","5159":"\\","5160":"r","5161":"\\","5162":"n","5163":" ","5164":" ","5165":"d","5166":"i","5167":"s","5168":"p","5169":"l","5170":"a","5171":"y","5172":":","5173":" ","5174":"f","5175":"l","5176":"e","5177":"x","5178":";","5179":"\\","5180":"r","5181":"\\","5182":"n","5183":" ","5184":" ","5185":"a","5186":"l","5187":"i","5188":"g","5189":"n","5190":"-","5191":"i","5192":"t","5193":"e","5194":"m","5195":"s","5196":":","5197":" ","5198":"c","5199":"e","5200":"n","5201":"t","5202":"e","5203":"r","5204":";","5205":"\\","5206":"r","5207":"\\","5208":"n","5209":" ","5210":" ","5211":"b","5212":"a","5213":"c","5214":"k","5215":"g","5216":"r","5217":"o","5218":"u","5219":"n","5220":"d","5221":"-","5222":"c","5223":"o","5224":"l","5225":"o","5226":"r","5227":":","5228":" ","5229":"l","5230":"i","5231":"g","5232":"h","5233":"t","5234":"g","5235":"r","5236":"a","5237":"y","5238":";","5239":"\\","5240":"r","5241":"\\","5242":"n","5243":" ","5244":" ","5245":"b","5246":"o","5247":"r","5248":"d","5249":"e","5250":"r","5251":"-","5252":"r","5253":"a","5254":"d","5255":"i","5256":"u","5257":"s","5258":":","5259":" ","5260":"3","5261":"0","5262":"p","5263":"x","5264":";","5265":"\\","5266":"r","5267":"\\","5268":"n","5269":"}","5270":"\\","5271":"r","5272":"\\","5273":"n","5274":"\\","5275":"r","5276":"\\","5277":"n","5278":".","5279":"q","5280":"u","5281":"a","5282":"n","5283":"t","5284":"i","5285":"t","5286":"y","5287":"-","5288":"b","5289":"u","5290":"t","5291":"t","5292":"o","5293":"n","5294":" ","5295":"{","5296":"\\","5297":"r","5298":"\\","5299":"n","5300":" ","5301":" ","5302":"b","5303":"a","5304":"c","5305":"k","5306":"g","5307":"r","5308":"o","5309":"u","5310":"n","5311":"d","5312":"-","5313":"c","5314":"o","5315":"l","5316":"o","5317":"r","5318":":","5319":" ","5320":"l","5321":"i","5322":"g","5323":"h","5324":"t","5325":"g","5326":"r","5327":"a","5328":"y","5329":";","5330":"\\","5331":"r","5332":"\\","5333":"n","5334":" ","5335":" ","5336":"b","5337":"o","5338":"r","5339":"d","5340":"e","5341":"r","5342":":","5343":" ","5344":"n","5345":"o","5346":"n","5347":"e","5348":";","5349":"\\","5350":"r","5351":"\\","5352":"n","5353":" ","5354":" ","5355":"b","5356":"o","5357":"r","5358":"d","5359":"e","5360":"r","5361":"-","5362":"r","5363":"a","5364":"d","5365":"i","5366":"u","5367":"s","5368":":","5369":" ","5370":"2","5371":"0","5372":"p","5373":"x","5374":";","5375":"\\","5376":"r","5377":"\\","5378":"n","5379":" ","5380":" ","5381":"p","5382":"a","5383":"d","5384":"d","5385":"i","5386":"n","5387":"g","5388":":","5389":" ","5390":"5","5391":"p","5392":"x","5393":" ","5394":"1","5395":"0","5396":"p","5397":"x","5398":";","5399":"\\","5400":"r","5401":"\\","5402":"n","5403":" ","5404":" ","5405":"f","5406":"o","5407":"n","5408":"t","5409":"-","5410":"s","5411":"i","5412":"z","5413":"e","5414":":","5415":" ","5416":"1","5417":"4","5418":"p","5419":"x","5420":";","5421":"\\","5422":"r","5423":"\\","5424":"n","5425":" ","5426":" ","5427":"c","5428":"u","5429":"r","5430":"s","5431":"o","5432":"r","5433":":","5434":" ","5435":"p","5436":"o","5437":"i","5438":"n","5439":"t","5440":"e","5441":"r","5442":";","5443":"\\","5444":"r","5445":"\\","5446":"n","5447":"}","5448":"\\","5449":"r","5450":"\\","5451":"n","5452":"\\","5453":"r","5454":"\\","5455":"n","5456":".","5457":"q","5458":"u","5459":"a","5460":"n","5461":"t","5462":"i","5463":"t","5464":"y","5465":"-","5466":"f","5467":"i","5468":"e","5469":"l","5470":"d","5471":" ","5472":"{","5473":"\\","5474":"r","5475":"\\","5476":"n","5477":" ","5478":" ","5479":"b","5480":"o","5481":"r","5482":"d","5483":"e","5484":"r","5485":":","5486":" ","5487":"n","5488":"o","5489":"n","5490":"e","5491":";","5492":"\\","5493":"r","5494":"\\","5495":"n","5496":" ","5497":" ","5498":"t","5499":"e","5500":"x","5501":"t","5502":"-","5503":"a","5504":"l","5505":"i","5506":"g","5507":"n","5508":":","5509":" ","5510":"c","5511":"e","5512":"n","5513":"t","5514":"e","5515":"r","5516":";","5517":"\\","5518":"r","5519":"\\","5520":"n","5521":" ","5522":" ","5523":"w","5524":"i","5525":"d","5526":"t","5527":"h","5528":":","5529":" ","5530":"3","5531":"0","5532":"p","5533":"x","5534":";","5535":"\\","5536":"r","5537":"\\","5538":"n","5539":" ","5540":" ","5541":"f","5542":"o","5543":"n","5544":"t","5545":"-","5546":"s","5547":"i","5548":"z","5549":"e","5550":":","5551":" ","5552":"1","5553":"4","5554":"p","5555":"x","5556":";","5557":"\\","5558":"r","5559":"\\","5560":"n","5561":"}","5562":"\\","5563":"r","5564":"\\","5565":"n","5566":"<","5567":"/","5568":"s","5569":"t","5570":"y","5571":"l","5572":"e","5573":">","5574":"\\","5575":"r","5576":"\\","5577":"n","5578":"\"","5579":"]","5580":"}"},"_coverageSchema":"1a1c01bbd47fc00a2c39e90264f33305004495a9","hash":"360e4709ce7b54c132a0dd38a93959a8310910c3"}
,"C:\\Users\\suman\\Desktop\\Projects\\Vue\\shopcart\\src\\components\\FilterComponent.vue": {"path":"C:\\Users\\suman\\Desktop\\Projects\\Vue\\shopcart\\src\\components\\FilterComponent.vue","statementMap":{"0":{"start":{"line":4,"column":0},"end":{"line":6,"column":3}},"1":{"start":{"line":7,"column":0},"end":{"line":7,"column":25}},"2":{"start":{"line":72,"column":2},"end":{"line":74,"column":16}},"3":{"start":{"line":73,"column":4},"end":{"line":73,"column":36746}},"4":{"start":{"line":78,"column":2},"end":{"line":80,"column":16}},"5":{"start":{"line":79,"column":4},"end":{"line":79,"column":29}},"6":{"start":{"line":81,"column":2},"end":{"line":81,"column":11}},"7":{"start":{"line":85,"column":2},"end":{"line":87,"column":16}},"8":{"start":{"line":86,"column":4},"end":{"line":86,"column":31}},"9":{"start":{"line":88,"column":2},"end":{"line":88,"column":11}},"10":{"start":{"line":92,"column":2},"end":{"line":94,"column":16}},"11":{"start":{"line":93,"column":4},"end":{"line":93,"column":26}},"12":{"start":{"line":98,"column":2},"end":{"line":100,"column":16}},"13":{"start":{"line":99,"column":4},"end":{"line":99,"column":29}},"14":{"start":{"line":103,"column":0},"end":{"line":103,"column":13}},"15":{"start":{"line":105,"column":0},"end":{"line":107,"column":3}},"16":{"start":{"line":108,"column":0},"end":{"line":108,"column":24}},"17":{"start":{"line":109,"column":11},"end":{"line":109,"column":25}},"18":{"start":{"line":110,"column":19},"end":{"line":112,"column":1}},"19":{"start":{"line":113,"column":19},"end":{"line":115,"column":1}},"20":{"start":{"line":116,"column":19},"end":{"line":118,"column":1}},"21":{"start":{"line":119,"column":19},"end":{"line":121,"column":1}},"22":{"start":{"line":122,"column":19},"end":{"line":124,"column":1}},"23":{"start":{"line":125,"column":19},"end":{"line":127,"column":1}},"24":{"start":{"line":128,"column":32},"end":{"line":130,"column":33}},"25":{"start":{"line":131,"column":19},"end":{"line":133,"column":1}},"26":{"start":{"line":134,"column":19},"end":{"line":136,"column":1}},"27":{"start":{"line":137,"column":20},"end":{"line":139,"column":1}},"28":{"start":{"line":140,"column":33},"end":{"line":143,"column":25}},"29":{"start":{"line":144,"column":20},"end":{"line":146,"column":1}},"30":{"start":{"line":147,"column":33},"end":{"line":150,"column":25}},"31":{"start":{"line":151,"column":20},"end":{"line":153,"column":1}},"32":{"start":{"line":154,"column":33},"end":{"line":157,"column":25}},"33":{"start":{"line":158,"column":20},"end":{"line":160,"column":1}},"34":{"start":{"line":161,"column":33},"end":{"line":163,"column":29}},"35":{"start":{"line":164,"column":20},"end":{"line":166,"column":1}},"36":{"start":{"line":167,"column":20},"end":{"line":169,"column":1}},"37":{"start":{"line":170,"column":20},"end":{"line":172,"column":1}},"38":{"start":{"line":173,"column":33},"end":{"line":176,"column":25}},"39":{"start":{"line":177,"column":20},"end":{"line":179,"column":1}},"40":{"start":{"line":180,"column":33},"end":{"line":183,"column":25}},"41":{"start":{"line":184,"column":20},"end":{"line":186,"column":1}},"42":{"start":{"line":187,"column":33},"end":{"line":190,"column":25}},"43":{"start":{"line":191,"column":20},"end":{"line":193,"column":1}},"44":{"start":{"line":194,"column":33},"end":{"line":200,"column":22}},"45":{"start":{"line":201,"column":20},"end":{"line":203,"column":1}},"46":{"start":{"line":204,"column":20},"end":{"line":206,"column":1}},"47":{"start":{"line":207,"column":33},"end":{"line":210,"column":35}},"48":{"start":{"line":211,"column":33},"end":{"line":213,"column":40}},"49":{"start":{"line":214,"column":33},"end":{"line":216,"column":40}},"50":{"start":{"line":217,"column":20},"end":{"line":217,"column":59}},"51":{"start":{"line":218,"column":20},"end":{"line":220,"column":1}},"52":{"start":{"line":221,"column":20},"end":{"line":223,"column":1}},"53":{"start":{"line":225,"column":2},"end":{"line":297,"column":37}},"54":{"start":{"line":231,"column":63},"end":{"line":231,"column":93}},"55":{"start":{"line":233,"column":6},"end":{"line":233,"column":64}},"56":{"start":{"line":241,"column":63},"end":{"line":241,"column":93}},"57":{"start":{"line":243,"column":6},"end":{"line":243,"column":64}},"58":{"start":{"line":251,"column":63},"end":{"line":251,"column":93}},"59":{"start":{"line":253,"column":6},"end":{"line":253,"column":64}},"60":{"start":{"line":261,"column":63},"end":{"line":261,"column":90}},"61":{"start":{"line":263,"column":6},"end":{"line":263,"column":64}},"62":{"start":{"line":271,"column":63},"end":{"line":271,"column":90}},"63":{"start":{"line":273,"column":6},"end":{"line":273,"column":64}},"64":{"start":{"line":281,"column":65},"end":{"line":281,"column":92}},"65":{"start":{"line":283,"column":6},"end":{"line":283,"column":64}},"66":{"start":{"line":288,"column":65},"end":{"line":288,"column":91}},"67":{"start":{"line":290,"column":6},"end":{"line":290,"column":64}},"68":{"start":{"line":295,"column":6},"end":{"line":295,"column":64}},"69":{"start":{"line":298,"column":2},"end":{"line":298,"column":49}}},"fnMap":{"0":{"name":"oo_cm","decl":{"start":{"line":71,"column":9},"end":{"line":71,"column":14}},"loc":{"start":{"line":71,"column":17},"end":{"line":75,"column":1}},"line":71},"1":{"name":"oo_oo","decl":{"start":{"line":77,"column":9},"end":{"line":77,"column":14}},"loc":{"start":{"line":77,"column":24},"end":{"line":82,"column":1}},"line":77},"2":{"name":"oo_tr","decl":{"start":{"line":84,"column":9},"end":{"line":84,"column":14}},"loc":{"start":{"line":84,"column":24},"end":{"line":89,"column":1}},"line":84},"3":{"name":"oo_ts","decl":{"start":{"line":91,"column":9},"end":{"line":91,"column":14}},"loc":{"start":{"line":91,"column":17},"end":{"line":95,"column":1}},"line":91},"4":{"name":"oo_te","decl":{"start":{"line":97,"column":9},"end":{"line":97,"column":14}},"loc":{"start":{"line":97,"column":17},"end":{"line":101,"column":1}},"line":97},"5":{"name":"render","decl":{"start":{"line":224,"column":9},"end":{"line":224,"column":15}},"loc":{"start":{"line":224,"column":30},"end":{"line":298,"column":1}},"line":224},"6":{"name":"(anonymous_6)","decl":{"start":{"line":231,"column":53},"end":{"line":231,"column":54}},"loc":{"start":{"line":231,"column":63},"end":{"line":231,"column":93}},"line":231},"7":{"name":"(anonymous_7)","decl":{"start":{"line":232,"column":40},"end":{"line":232,"column":41}},"loc":{"start":{"line":232,"column":52},"end":{"line":234,"column":5}},"line":232},"8":{"name":"(anonymous_8)","decl":{"start":{"line":241,"column":53},"end":{"line":241,"column":54}},"loc":{"start":{"line":241,"column":63},"end":{"line":241,"column":93}},"line":241},"9":{"name":"(anonymous_9)","decl":{"start":{"line":242,"column":40},"end":{"line":242,"column":41}},"loc":{"start":{"line":242,"column":52},"end":{"line":244,"column":5}},"line":242},"10":{"name":"(anonymous_10)","decl":{"start":{"line":251,"column":53},"end":{"line":251,"column":54}},"loc":{"start":{"line":251,"column":63},"end":{"line":251,"column":93}},"line":251},"11":{"name":"(anonymous_11)","decl":{"start":{"line":252,"column":40},"end":{"line":252,"column":41}},"loc":{"start":{"line":252,"column":52},"end":{"line":254,"column":5}},"line":252},"12":{"name":"(anonymous_12)","decl":{"start":{"line":261,"column":53},"end":{"line":261,"column":54}},"loc":{"start":{"line":261,"column":63},"end":{"line":261,"column":90}},"line":261},"13":{"name":"(anonymous_13)","decl":{"start":{"line":262,"column":40},"end":{"line":262,"column":41}},"loc":{"start":{"line":262,"column":52},"end":{"line":264,"column":5}},"line":262},"14":{"name":"(anonymous_14)","decl":{"start":{"line":271,"column":53},"end":{"line":271,"column":54}},"loc":{"start":{"line":271,"column":63},"end":{"line":271,"column":90}},"line":271},"15":{"name":"(anonymous_15)","decl":{"start":{"line":272,"column":40},"end":{"line":272,"column":41}},"loc":{"start":{"line":272,"column":52},"end":{"line":274,"column":5}},"line":272},"16":{"name":"(anonymous_16)","decl":{"start":{"line":281,"column":55},"end":{"line":281,"column":56}},"loc":{"start":{"line":281,"column":65},"end":{"line":281,"column":92}},"line":281},"17":{"name":"(anonymous_17)","decl":{"start":{"line":282,"column":42},"end":{"line":282,"column":43}},"loc":{"start":{"line":282,"column":54},"end":{"line":284,"column":5}},"line":282},"18":{"name":"(anonymous_18)","decl":{"start":{"line":288,"column":55},"end":{"line":288,"column":56}},"loc":{"start":{"line":288,"column":65},"end":{"line":288,"column":91}},"line":288},"19":{"name":"(anonymous_19)","decl":{"start":{"line":289,"column":42},"end":{"line":289,"column":43}},"loc":{"start":{"line":289,"column":54},"end":{"line":291,"column":5}},"line":289},"20":{"name":"(anonymous_20)","decl":{"start":{"line":294,"column":41},"end":{"line":294,"column":42}},"loc":{"start":{"line":294,"column":53},"end":{"line":296,"column":5}},"line":294}},"branchMap":{"0":{"loc":{"start":{"line":73,"column":11},"end":{"line":73,"column":36745}},"type":"binary-expr","locations":[{"start":{"line":73,"column":11},"end":{"line":73,"column":49}},{"start":{"line":73,"column":53},"end":{"line":73,"column":36745}}],"line":73},"1":{"loc":{"start":{"line":231,"column":27},"end":{"line":231,"column":94}},"type":"binary-expr","locations":[{"start":{"line":231,"column":27},"end":{"line":231,"column":36}},{"start":{"line":231,"column":41},"end":{"line":231,"column":93}}],"line":231},"2":{"loc":{"start":{"line":232,"column":14},"end":{"line":234,"column":6}},"type":"binary-expr","locations":[{"start":{"line":232,"column":14},"end":{"line":232,"column":23}},{"start":{"line":232,"column":28},"end":{"line":234,"column":5}}],"line":232},"3":{"loc":{"start":{"line":233,"column":13},"end":{"line":233,"column":63}},"type":"binary-expr","locations":[{"start":{"line":233,"column":13},"end":{"line":233,"column":29}},{"start":{"line":233,"column":33},"end":{"line":233,"column":63}}],"line":233},"4":{"loc":{"start":{"line":241,"column":27},"end":{"line":241,"column":94}},"type":"binary-expr","locations":[{"start":{"line":241,"column":27},"end":{"line":241,"column":36}},{"start":{"line":241,"column":41},"end":{"line":241,"column":93}}],"line":241},"5":{"loc":{"start":{"line":242,"column":14},"end":{"line":244,"column":6}},"type":"binary-expr
[...]
1622":"n","1623":" ","1624":"b","1625":"t","1626":"n","1627":"-","1628":"p","1629":"r","1630":"i","1631":"m","1632":"a","1633":"r","1634":"y","1635":"\\","1636":"\"","1637":" ","1638":"@","1639":"c","1640":"l","1641":"i","1642":"c","1643":"k","1644":"=","1645":"\\","1646":"\"","1647":"a","1648":"d","1649":"d","1650":"T","1651":"o","1652":"C","1653":"a","1654":"r","1655":"t","1656":"(","1657":"p","1658":"r","1659":"o","1660":"d","1661":"u","1662":"c","1663":"t","1664":")","1665":"\\","1666":"\"","1667":">","1668":"\\","1669":"r","1670":"\\","1671":"n","1672":" ","1673":" ","1674":" ","1675":" ","1676":" ","1677":" ","1678":" ","1679":" ","1680":" ","1681":" ","1682":" ","1683":" ","1684":" ","1685":" ","1686":" ","1687":" ","1688":"A","1689":"d","1690":"d","1691":" ","1692":"t","1693":"o","1694":" ","1695":"c","1696":"a","1697":"r","1698":"t","1699":"\\","1700":"r","1701":"\\","1702":"n","1703":" ","1704":" ","1705":" ","1706":" ","1707":" ","1708":" ","1709":" ","1710":" ","1711":" ","1712":" ","1713":" ","1714":" ","1715":" ","1716":" ","1717":"<","1718":"/","1719":"b","1720":"u","1721":"t","1722":"t","1723":"o","1724":"n","1725":">","1726":"\\","1727":"r","1728":"\\","1729":"n","1730":" ","1731":" ","1732":" ","1733":" ","1734":" ","1735":" ","1736":" ","1737":" ","1738":" ","1739":" ","1740":" ","1741":" ","1742":"<","1743":"/","1744":"d","1745":"i","1746":"v","1747":">","1748":"\\","1749":"r","1750":"\\","1751":"n","1752":" ","1753":" ","1754":" ","1755":" ","1756":" ","1757":" ","1758":" ","1759":" ","1760":" ","1761":" ","1762":" ","1763":" ","1764":"<","1765":"d","1766":"i","1767":"v","1768":" ","1769":"c","1770":"l","1771":"a","1772":"s","1773":"s","1774":"=","1775":"\\","1776":"\"","1777":"a","1778":"l","1779":"e","1780":"r","1781":"t","1782":"-","1783":"c","1784":"o","1785":"n","1786":"t","1787":"a","1788":"i","1789":"n","1790":"e","1791":"r","1792":" ","1793":"m","1794":"t","1795":"-","1796":"3","1797":"\\","1798":"\"","1799":">","1800":"\\","1801":"r","1802":"\\","1803":"n","1804":" ","1805":" ","1806":" ","1807":" ","1808":" ","1809":" ","1810":" ","1811":" ","1812":" ","1813":" ","1814":" ","1815":" ","1816":" ","1817":" ","1818":"<","1819":"d","1820":"i","1821":"v","1822":"\\","1823":"r","1824":"\\","1825":"n","1826":" ","1827":" ","1828":" ","1829":" ","1830":" ","1831":" ","1832":" ","1833":" ","1834":" ","1835":" ","1836":" ","1837":" ","1838":" ","1839":" ","1840":" ","1841":" ","1842":"c","1843":"l","1844":"a","1845":"s","1846":"s","1847":"=","1848":"\\","1849":"\"","1850":"a","1851":"l","1852":"e","1853":"r","1854":"t","1855":" ","1856":"a","1857":"l","1858":"e","1859":"r","1860":"t","1861":"-","1862":"s","1863":"u","1864":"c","1865":"c","1866":"e","1867":"s","1868":"s","1869":" ","1870":"m","1871":"t","1872":"-","1873":"2","1874":"\\","1875":"\"","1876":"\\","1877":"r","1878":"\\","1879":"n","1880":" ","1881":" ","1882":" ","1883":" ","1884":" ","1885":" ","1886":" ","1887":" ","1888":" ","1889":" ","1890":" ","1891":" ","1892":" ","1893":" ","1894":" ","1895":" ","1896":"r","1897":"o","1898":"l","1899":"e","1900":"=","1901":"\\","1902":"\"","1903":"a","1904":"l","1905":"e","1906":"r","1907":"t","1908":"\\","1909":"\"","1910":"\\","1911":"r","1912":"\\","1913":"n","1914":" ","1915":" ","1916":" ","1917":" ","1918":" ","1919":" ","1920":" ","1921":" ","1922":" ","1923":" ","1924":" ","1925":" ","1926":" ","1927":" ","1928":" ","1929":" ","1930":"v","1931":"-","1932":"i","1933":"f","1934":"=","1935":"\\","1936":"\"","1937":"p","1938":"r","1939":"o","1940":"d","1941":"u","1942":"c","1943":"t","1944":".","1945":"s","1946":"h","1947":"o","1948":"w","1949":"S","1950":"u","1951":"c","1952":"c","1953":"e","1954":"s","1955":"s","1956":"A","1957":"l","1958":"e","1959":"r","1960":"t","1961":"\\","1962":"\"","1963":"\\","1964":"r","1965":"\\","1966":"n","1967":" ","1968":" ","1969":" ","1970":" ","1971":" ","1972":" ","1973":" ","1974":" ","1975":" ","1976":" ","1977":" ","1978":" ","1979":" ","1980":" ","1981":">","1982":"\\","1983":"r","1984":"\\","1985":"n","1986":" ","1987":" ","1988":" ","1989":" ","1990":" ","1991":" ","1992":" ","1993":" ","1994":" ","1995":" ","1996":" ","1997":" ","1998":" ","1999":" ","2000":" ","2001":" ","2002":"P","2003":"r","2004":"o","2005":"d","2006":"u","2007":"c","2008":"t","2009":" ","2010":"a","2011":"d","2012":"d","2013":"e","2014":"d","2015":" ","2016":"t","2017":"o","2018":" ","2019":"c","2020":"a","2021":"r","2022":"t","2023":"!","2024":"\\","2025":"r","2026":"\\","2027":"n","2028":" ","2029":" ","2030":" ","2031":" ","2032":" ","2033":" ","2034":" ","2035":" ","2036":" ","2037":" ","2038":" ","2039":" ","2040":" ","2041":" ","2042":"<","2043":"/","2044":"d","2045":"i","2046":"v","2047":">","2048":"\\","2049":"r","2050":"\\","2051":"n","2052":" ","2053":" ","2054":" ","2055":" ","2056":" ","2057":" ","2058":" ","2059":" ","2060":" ","2061":" ","2062":" ","2063":" ","2064":" ","2065":" ","2066":"<","2067":"d","2068":"i","2069":"v","2070":"\\","2071":"r","2072":"\\","2073":"n","2074":" ","2075":" ","2076":" ","2077":" ","2078":" ","2079":" ","2080":" ","2081":" ","2082":" ","2083":" ","2084":" ","2085":" ","2086":" ","2087":" ","2088":" ","2089":" ","2090":"c","2091":"l","2092":"a","2093":"s","2094":"s","2095":"=","2096":"\\","2097":"\"","2098":"a","2099":"l","2100":"e","2101":"r","2102":"t","2103":" ","2104":"a","2105":"l","2106":"e","2107":"r","2108":"t","2109":"-","2110":"d","2111":"a","2112":"n","2113":"g","2114":"e","2115":"r","2116":" ","2117":"m","2118":"t","2119":"-","2120":"2","2121":"\\","2122":"\"","2123":"\\","2124":"r","2125":"\\","2126":"n","2127":" ","2128":" ","2129":" ","2130":" ","2131":" ","2132":" ","2133":" ","2134":" ","2135":" ","2136":" ","2137":" ","2138":" ","2139":" ","2140":" ","2141":" ","2142":" ","2143":"r","2144":"o","2145":"l","2146":"e","2147":"=","2148":"\\","2149":"\"","2150":"a","2151":"l","2152":"e","2153":"r","2154":"t","2155":"\\","2156":"\"","2157":"\\","2158":"r","2159":"\\","2160":"n","2161":" ","2162":" ","2163":" ","2164":" ","2165":" ","2166":" ","2167":" ","2168":" ","2169":" ","2170":" ","2171":" ","2172":" ","2173":" ","2174":" ","2175":" ","2176":" ","2177":"v","2178":"-","2179":"i","2180":"f","2181":"=","2182":"\\","2183":"\"","2184":"p","2185":"r","2186":"o","2187":"d","2188":"u","2189":"c","2190":"t","2191":".","2192":"s","2193":"h","2194":"o","2195":"w","2196":"D","2197":"a","2198":"n","2199":"g","2200":"e","2201":"r","2202":"A","2203":"l","2204":"e","2205":"r","2206":"t","2207":"\\","2208":"\"","2209":"\\","2210":"r","2211":"\\","2212":"n","2213":" ","2214":" ","2215":" ","2216":" ","2217":" ","2218":" ","2219":" ","2220":" ","2221":" ","2222":" ","2223":" ","2224":" ","2225":" ","2226":" ","2227":">","2228":"\\","2229":"r","2230":"\\","2231":"n","2232":" ","2233":" ","2234":" ","2235":" ","2236":" ","2237":" ","2238":" ","2239":" ","2240":" ","2241":" ","2242":" ","2243":" ","2244":" ","2245":" ","2246":" ","2247":" ","2248":"P","2249":"r","2250":"o","2251":"d","2252":"u","2253":"c","2254":"t","2255":" ","2256":"n","2257":"o","2258":"t","2259":" ","2260":"a","2261":"v","2262":"a","2263":"i","2264":"l","2265":"a","2266":"b","2267":"l","2268":"e","2269":"\\","2270":"r","2271":"\\","2272":"n","2273":" ","2274":" ","2275":" ","2276":" ","2277":" ","2278":" ","2279":" ","2280":" ","2281":" ","2282":" ","2283":" ","2284":" ","2285":" ","2286":" ","2287":"<","2288":"/","2289":"d","2290":"i","2291":"v","2292":">","2293":"\\","2294":"r","2295":"\\","2296":"n","2297":" ","2298":" ","2299":" ","2300":" ","2301":" ","2302":" ","2303":" ","2304":" ","2305":" ","2306":" ","2307":" ","2308":" ","2309":"<","2310":"/","2311":"d","2312":"i","2313":"v","2314":">","2315":"\\","2316":"r","2317":"\\","2318":"n","2319":" ","2320":" ","2321":" ","2322":" ","2323":" ","2324":" ","2325":" ","2326":" ","2327":" ","2328":" ","2329":"<","2330":"/","2331":"d","2332":"i","2333":"v","2334":">","2335":"\\","2336":"r","2337":"\\","2338":"n","2339":" ","2340":" ","2341":" ","2342":" ","2343":" ","2344":" ","2345":" ","2346":" ","2347":"<","2348":"/","2349":"d","2350":"i","2351":"v","2352":">","2353":"\\","2354":"r","2355":"\\","2356":"n","2357":" ","2358":" ","2359":" ","2360":" ","2361":" ","2362":" ","2363":"<","2364":"/","2365":"d","2366":"i","2367":"v","2368":">","2369":"\\","2370":"r","2371":"\\","2372":"n","2373":" ","2374":" ","2375":" ","2376":" ","2377":"<","2378":"/","2379":"d","2380":"i","2381":"v","2382":">","2383":"\\","2384":"r","2385":"\\","2386":"n","2387":" ","2388":" ","2389":"<","2390":"/","2391":"d","2392":"i","2393":"v","2394":">","2395":"\\","2396":"r","2397":"\\","2398":"n","2399":"<","2400":"/","2401":"t","2402":"e","2403":"m","2404":"p","2405":"l","2406":"a","2407":"t","2408":"e","2409":">","2410":"\\","2411":"r","2412":"\\","2413":"n","2414":"\\","2415":"r","2416":"\\","2417":"n","2418":"<","2419":"s","2420":"c","2421":"r","2422":"i","2423":"p","2424":"t","2425":">","2426":"\\","2427":"r","2428":"\\","2429":"n","2430":"e","2431":"x","2432":"p","2433":"o","2434":"r","2435":"t","2436":" ","2437":"d","2438":"e","2439":"f","2440":"a","2441":"u","2442":"l","2443":"t","2444":" ","2445":"{","2446":"\\","2447":"r","2448":"\\","2449":"n","2450":" ","2451":" ","2452":"n","2453":"a","2454":"m","2455":"e","2456":":","2457":" ","2458":"\\","2459":"\"","2460":"H","2461":"o","2462":"m","2463":"e","2464":"P","2465":"a","2466":"g","2467":"e","2468":"\\","2469":"\"","2470":",","2471":"\\","2472":"r","2473":"\\","2474":"n","2475":" ","2476":" ","2477":"d","2478":"a","2479":"t","2480":"a","2481":"(","2482":")","2483":" ","2484":"{","2485":"\\","2486":"r","2487":"\\","2488":"n","2489":" ","2490":" ","2491":" ","2492":" ","2493":"r","2494":"e","2495":"t","2496":"u","2497":"r","2498":"n","2499":" ","2500":"{","2501":"\\","2502":"r","2503":"\\","2504":"n","2505":" ","2506":" ","2507":" ","2508":" ","2509":" ","2510":" ","2511":"/","2512":"/","2513":" ","2514":"s","2515":"h","2516":"o","2517":"w","2518":"D","2519":"a","2520":"n","2521":"g","2522":"e","2523":"r","2524":"A","2525":"l","2526":"e","2527":"r","2528":"t","2529":":","2530":"f","2531":"a","2532":"l","2533":"s","2534":"e","2535":",","2536":"\\","2537":"r","2538":"\\","2539":"n","2540":" ","2541":" ","2542":" ","2543":" ","2544":" ","2545":" ","2546":"/","2547":"/","2548":" ","2549":"s","2550":"h","2551":"o","2552":"w","2553":"S","2554":"u","2555":"c","2556":"c","2557":"e","2558":"s","2559":"s","2560":"A","2561":"l","2562":"e","2563":"r","2564":"t","2565":":","2566":"f","2567":"a","2568":"l","2569":"s","2570":"e","2571":"\\","2572":"r","2573":"\\","2574":"n","2575":" ","2576":" ","2577":" ","2578":" ","2579":"}","2580":";","2581":"\\","2582":"r","2583":"\\","2584":"n","2585":" ","2586":" ","2587":"}","2588":",","2589":"\\","2590":"r","2591":"\\","2592":"n","2593":" ","2594":" ","2595":"c","2596":"o","2597":"m","2598":"p","2599":"u","2600":"t","2601":"e","2602":"d","2603":":","2604":" ","2605":"{","2606":"\\","2607":"r","2608":"\\","2609":"n","2610":" ","2611":" ","2612":" ","2613":" ","2614":"p","2615":"r","2616":"o","2617":"d","2618":"u","2619":"c","2620":"t","2621":"s","2622":"(","2623":")","2624":" ","2625":"{","2626":"\\","2627":"r","2628":"\\","2629":"n","2630":" ","2631":" ","2632":" ","2633":" ","2634":" ","2635":" ","2636":"r","2637":"e","2638":"t","2639":"u","2640":"r","2641":"n","2642":" ","2643":"t","2644":"h","2645":"i","2646":"s","2647":".","2648":"$","2649":"s","2650":"t","2651":"o","2652":"r","2653":"e","2654":".","2655":"s","2656":"t","2657":"a","2658":"t","2659":"e","2660":".","2661":"p","2662":"r","2663":"o","2664":"d","2665":"u","2666":"c","2667":"t","2668":"s","2669":";","2670":"\\","2671":"r","2672":"\\","2673":"n","2674":" ","2675":" ","2676":" ","2677":" ","2678":"}","2679":",","2680":"\\","2681":"r","2682":"\\","2683":"n","2684":" ","2685":" ","2686":"}","2687":",","2688":"\\","2689":"r","2690":"\\","2691":"n","2692":" ","2693":" ","2694":"m","2695":"e","2696":"t","2697":"h","2698":"o","2699":"d","2700":"s","2701":":","2702":" ","2703":"{","2704":"\\","2705":"r","2706":"\\","2707":"n","2708":" ","2709":" ","2710":" ","2711":" ","2712":"a","2713":"d","2714":"d","2715":"T","2716":"o","2717":"C","2718":"a","2719":"r","2720":"t","2721":"(","2722":"p","2723":"r","2724":"o","2725":"d","2726":"u","2727":"c","2728":"t","2729":")","2730":" ","2731":"{","2732":"\\","2733":"r","2734":"\\","2735":"n","2736":" ","2737":" ","2738":" ","2739":" ","2740":" ","2741":" ","2742":" ","2743":"i","2744":"f","2745":" ","2746":"(","2747":"p","2748":"r","2749":"o","2750":"d","2751":"u","2752":"c","2753":"t","2754":".","2755":"L","2756":"a","2757":"g","2758":"e","2759":"r","2760":"b","2761":"e","2762":"s","2763":"t","2764":"a","2765":"n","2766":"d","2767":" ","2768":">","2769":" ","2770":"0","2771":")","2772":" ","2773":"{","2774":"\\","2775":"r","2776":"\\","2777":"n","2778":" ","2779":" ","2780":" ","2781":" ","2782":" ","2783":" ","2784":" ","2785":" ","2786":"t","2787":"h","2788":"i","2789":"s","2790":".","2791":"$","2792":"s","2793":"t","2794":"o","2795":"r","2796":"e","2797":".","2798":"c","2799":"o","2800":"m","2801":"m","2802":"i","2803":"t","2804":"(","2805":"\\","2806":"\"","2807":"a","2808":"d","2809":"d","2810":"T","2811":"o","2812":"C","2813":"a","2814":"r","2815":"t","2816":"\\","2817":"\"","2818":",","2819":" ","2820":"p","2821":"r","2822":"o","2823":"d","2824":"u","2825":"c","2826":"t","2827":")","2828":";","2829":" ","2830":" ","2831":" ","2832":" ","2833":" ","2834":" ","2835":" ","2836":" ","2837":"\\","2838":"r","2839":"\\","2840":"n","2841":" ","2842":" ","2843":" ","2844":" ","2845":" ","2846":" ","2847":" ","2848":" ","2849":"p","2850":"r","2851":"o","2852":"d","2853":"u","2854":"c","2855":"t","2856":".","2857":"s","2858":"h","2859":"o","2860":"w","2861":"S","2862":"u","2863":"c","2864":"c","2865":"e","2866":"s","2867":"s","2868":"A","2869":"l","2870":"e","2871":"r","2872":"t","2873":" ","2874":"=","2875":" ","2876":"t","2877":"r","2878":"u","2879":"e","2880":";","2881":"\\","2882":"r","2883":"\\","2884":"n","2885":" ","2886":" ","2887":" ","2888":" ","2889":" ","2890":" ","2891":" ","2892":" ","2893":"p","2894":"r","2895":"o","2896":"d","2897":"u","2898":"c","2899":"t","2900":".","2901":"s","2902":"h","2903":"o","2904":"w","2905":"D","2906":"a","2907":"n","2908":"g","2909":"e","2910":"r","2911":"A","2912":"l","2913":"e","2914":"r","2915":"t","2916":" ","2917":"=","2918":" ","2919":"f","2920":"a","2921":"l","2922":"s","2923":"e","2924":";","2925":"\\","2926":"r","2927":"\\","2928":"n","2929":" ","2930":" ","2931":" ","2932":" ","2933":" ","2934":" ","2935":" ","2936":" ","2937":"s","2938":"e","2939":"t","2940":"T","2941":"i","2942":"m","2943":"e","2944":"o","2945":"u","2946":"t","2947":"(","2948":"(","2949":")","2950":" ","2951":"=","2952":">","2953":" ","2954":"{","2955":"\\","2956":"r","2957":"\\","2958":"n","2959":" ","2960":" ","2961":" ","2962":" ","2963":" ","2964":" ","2965":" ","2966":" ","2967":" ","2968":" ","2969":"p","2970":"r","2971":"o","2972":"d","2973":"u","2974":"c","2975":"t","2976":".","2977":"s","2978":"h","2979":"o","2980":"w","2981":"S","2982":"u","2983":"c","2984":"c","2985":"e","2986":"s","2987":"s","2988":"A","2989":"l","2990":"e","2991":"r","2992":"t","2993":" ","2994":"=","2995":" ","2996":"f","2997":"a","2998":"l","2999":"s","3000":"e","3001":";","3002":"\\","3003":"r","3004":"\\","3005":"n","3006":" ","3007":" ","3008":" ","3009":" ","3010":" ","3011":" ","3012":" ","3013":" ","3014":"}","3015":",","3016":" ","3017":"2","3018":"0","3019":"0","3020":"0","3021":")","3022":";","3023":"\\","3024":"r","3025":"\\","3026":"n","3027":" ","3028":" ","3029":" ","3030":" ","3031":" ","3032":" ","3033":"}","3034":" ","3035":"e","3036":"l","3037":"s","3038":"e","3039":" ","3040":"{","3041":"\\","3042":"r","3043":"\\","3044":"n","3045":" ","3046":" ","3047":" ","3048":" ","3049":" ","3050":" ","3051":" ","3052":" ","3053":"p","3054":"r","3055":"o","3056":"d","3057":"u","3058":"c","3059":"t","3060":".","3061":"s","3062":"h","3063":"o","3064":"w","3065":"D","3066":"a","3067":"n","3068":"g","3069":"e","3070":"r","3071":"A","3072":"l","3073":"e","3074":"r","3075":"t","3076":" ","3077":"=","3078":" ","3079":"t","3080":"r","3081":"u","3082":"e","3083":";","3084":"\\","3085":"r","3086":"\\","3087":"n","3088":" ","3089":" ","3090":" ","3091":" ","3092":" ","3093":" ","3094":" ","3095":" ","3096":"p","3097":"r","3098":"o","3099":"d","3100":"u","3101":"c","3102":"t","3103":".","3104":"s","3105":"h","3106":"o","3107":"w","3108":"S","3109":"u","3110":"c","3111":"c","3112":"e","3113":"s","3114":"s","3115":"A","3116":"l","3117":"e","3118":"r","3119":"t","3120":" ","3121":"=","3122":" ","3123":"f","3124":"a","3125":"l","3126":"s","3127":"e","3128":";","3129":"\\","3130":"r","3131":"\\","3132":"n","3133":" ","3134":" ","3135":" ","3136":" ","3137":" ","3138":" ","3139":" ","3140":" ","3141":"s","3142":"e","3143":"t","3144":"T","3145":"i","3146":"m","3147":"e","3148":"o","3149":"u","3150":"t","3151":"(","3152":"(","3153":")","3154":" ","3155":"=","3156":">","3157":" ","3158":"{","3159":"\\","3160":"r","3161":"\\","3162":"n","3163":" ","3164":" ","3165":" ","3166":" ","3167":" ","3168":" ","3169":" ","3170":" ","3171":" ","3172":" ","3173":"p","3174":"r","3175":"o","3176":"d","3177":"u","3178":"c","3179":"t","3180":".","3181":"s","3182":"h","3183":"o","3184":"w","3185":"D","3186":"a","3187":"n","3188":"g","3189":"e","3190":"r","3191":"A","3192":"l","3193":"e","3194":"r","3195":"t","3196":" ","3197":"=","3198":" ","3199":"f","3200":"a","3201":"l","3202":"s","3203":"e","3204":";","3205":"\\","3206":"r","3207":"\\","3208":"n","3209":" ","3210":" ","3211":" ","3212":" ","3213":" ","3214":" ","3215":" ","3216":" ","3217":"}","3218":",","3219":" ","3220":"2","3221":"0","3222":"0","3223":"0","3224":")","3225":";","3226":"\\","3227":"r","3228":"\\","3229":"n","3230":" ","3231":" ","3232":" ","3233":" ","3234":" ","3235":" ","3236":"}","3237":"\\","3238":"r","3239":"\\","3240":"n","3241":" ","3242":" ","3243":" ","3244":" ","3245":"}","3246":",","3247":"\\","3248":"r","3249":"\\","3250":"n","3251":" ","3252":" ","3253":"\\","3254":"r","3255":"\\","3256":"n","3257":" ","3258":" ","3259":"}","3260":",","3261":"\\","3262":"r","3263":"\\","3264":"n","3265":" ","3266":"\\","3267":"r","3268":"\\","3269":"n","3270":"}","3271":";","3272":"\\","3273":"r","3274":"\\","3275":"n","3276":"<","3277":"/","3278":"s","3279":"c","3280":"r","3281":"i","3282":"p","3283":"t","3284":">","3285":"\\","3286":"r","3287":"\\","3288":"n","3289":"\\","3290":"r","3291":"\\","3292":"n","3293":"<","3294":"s","3295":"t","3296":"y","3297":"l","3298":"e","3299":">","3300":"\\","3301":"r","3302":"\\","3303":"n","3304":".","3305":"b","3306":"u","3307":"t","3308":"t","3309":"o","3310":"n","3311":"-","3312":"c","3313":"o","3314":"n","3315":"t","3316":"a","3317":"i","3318":"n","3319":"e","3320":"r","3321":" ","3322":"{","3323":"\\","3324":"r","3325":"\\","3326":"n","3327":" ","3328":" ","3329":"d","3330":"i","3331":"s","3332":"p","3333":"l","3334":"a","3335":"y","3336":":","3337":" ","3338":"f","3339":"l","3340":"e","3341":"x","3342":";","3343":"\\","3344":"r","3345":"\\","3346":"n","3347":" ","3348":" ","3349":"g","3350":"a","3351":"p","3352":":","3353":" ","3354":"5","3355":"r","3356":"e","3357":"m","3358":";","3359":"\\","3360":"r","3361":"\\","3362":"n","3363":" ","3364":" ","3365":"j","3366":"u","3367":"s","3368":"t","3369":"i","3370":"f","3371":"y","3372":"-","3373":"c","3374":"o","3375":"n","3376":"t","3377":"e","3378":"n","3379":"t","3380":":","3381":" ","3382":"c","3383":"e","3384":"n","3385":"t","3386":"e","3387":"r","3388":";","3389":"\\","3390":"r","3391":"\\","3392":"n","3393":"}","3394":"\\","3395":"r","3396":"\\","3397":"n","3398":"<","3399":"/","3400":"s","3401":"t","3402":"y","3403":"l","3404":"e","3405":">","3406":"\\","3407":"r","3408":"\\","3409":"n","3410":"\"","3411":"]","3412":"}"},"_coverageSchema":"1a1c01bbd47fc00a2c39e90264f33305004495a9","hash":"abc04ac85acff3093a3d270b6712124785c27409"}
}
