TN:
SF:src\assets\photo.jpg
FNF:0
FNH:0
DA:1,2
LF:1
LH:1
BRF:0
BRH:0
end_of_record
TN:
SF:src\components\CheckOutComponent.vue
FN:11,(anonymous_0)
FN:18,(anonymous_1)
FN:23,(anonymous_2)
FN:30,(anonymous_3)
FN:33,(anonymous_4)
FN:36,(anonymous_5)
FN:165,render
FN:166,(anonymous_7)
FN:172,(anonymous_8)
FN:175,(anonymous_9)
FN:183,(anonymous_10)
FN:194,(anonymous_11)
FNF:12
FNH:5
FNDA:1,(anonymous_0)
FNDA:1,(anonymous_1)
FNDA:0,(anonymous_2)
FNDA:1,(anonymous_3)
FNDA:0,(anonymous_4)
FNDA:0,(anonymous_5)
FNDA:1,render
FNDA:2,(anonymous_7)
FNDA:0,(anonymous_8)
FNDA:0,(anonymous_9)
FNDA:0,(anonymous_10)
FNDA:0,(anonymous_11)
DA:4,1
DA:7,1
DA:8,1
DA:9,1
DA:12,1
DA:19,1
DA:24,0
DA:25,0
DA:27,0
DA:31,1
DA:34,0
DA:37,0
DA:45,1
DA:47,1
DA:48,1
DA:51,1
DA:52,1
DA:53,1
DA:54,1
DA:57,1
DA:64,1
DA:67,1
DA:77,1
DA:80,1
DA:83,1
DA:86,1
DA:90,1
DA:96,1
DA:97,1
DA:100,1
DA:101,1
DA:104,1
DA:105,1
DA:111,1
DA:112,1
DA:115,1
DA:116,1
DA:119,1
DA:125,1
DA:126,1
DA:129,1
DA:132,1
DA:135,1
DA:138,1
DA:141,1
DA:144,1
DA:147,1
DA:148,1
DA:151,1
DA:160,1
DA:161,1
DA:164,1
DA:166,1
DA:167,2
DA:172,0
DA:175,0
DA:184,0
DA:195,0
DA:198,1
LF:59
LH:50
BRDA:24,0,0,0
BRDA:24,0,1,0
BRDA:183,1,0,1
BRDA:183,1,1,1
BRDA:184,2,0,0
BRDA:184,2,1,0
BRDA:194,3,0,1
BRDA:194,3,1,1
BRDA:195,4,0,0
BRDA:195,4,1,0
BRF:10
BRH:4
end_of_record
TN:
SF:src\components\FilterComponent.vue
FN:71,oo_cm
FN:77,oo_oo
FN:84,oo_tr
FN:91,oo_ts
FN:97,oo_te
FN:224,render
FN:231,(anonymous_6)
FN:232,(anonymous_7)
FN:241,(anonymous_8)
FN:242,(anonymous_9)
FN:251,(anonymous_10)
FN:252,(anonymous_11)
FN:261,(anonymous_12)
FN:262,(anonymous_13)
FN:271,(anonymous_14)
FN:272,(anonymous_15)
FN:281,(anonymous_16)
FN:282,(anonymous_17)
FN:288,(anonymous_18)
FN:289,(anonymous_19)
FN:294,(anonymous_20)
FNF:21
FNH:2
FNDA:0,oo_cm
FNDA:0,oo_oo
FNDA:0,oo_tr
FNDA:0,oo_ts
FNDA:0,oo_te
FNDA:4,render
FNDA:0,(anonymous_6)
FNDA:0,(anonymous_7)
FNDA:0,(anonymous_8)
FNDA:0,(anonymous_9)
FNDA:0,(anonymous_10)
FNDA:0,(anonymous_11)
FNDA:0,(anonymous_12)
FNDA:0,(anonymous_13)
FNDA:0,(anonymous_14)
FNDA:0,(anonymous_15)
FNDA:0,(anonymous_16)
FNDA:0,(anonymous_17)
FNDA:0,(anonymous_18)
FNDA:0,(anonymous_19)
FNDA:1,(anonymous_20)
DA:4,1
DA:7,1
DA:72,0
DA:73,0
DA:78,0
DA:79,0
DA:81,0
DA:85,0
DA:86,0
DA:88,0
DA:92,0
DA:93,0
DA:98,0
DA:99,0
DA:103,1
DA:105,1
DA:108,1
DA:109,1
DA:110,1
DA:113,1
DA:116,1
DA:119,1
DA:122,1
DA:125,1
DA:128,1
DA:131,1
DA:134,1
DA:137,1
DA:140,1
DA:144,1
DA:147,1
DA:151,1
DA:154,1
DA:158,1
DA:161,1
DA:164,1
DA:167,1
DA:170,1
DA:173,1
DA:177,1
DA:180,1
DA:184,1
DA:187,1
DA:191,1
DA:194,1
DA:201,1
DA:204,1
DA:207,1
DA:211,1
DA:214,1
DA:217,1
DA:218,1
DA:221,1
DA:225,4
DA:231,0
DA:233,0
DA:241,0
DA:243,0
DA:251,0
DA:253,0
DA:261,0
DA:263,0
DA:271,0
DA:273,0
DA:281,0
DA:283,0
DA:288,0
DA:290,0
DA:295,1
DA:298,1
LF:70
LH:44
BRDA:73,0,0,0
BRDA:73,0,1,0
BRDA:231,1,0,4
BRDA:231,1,1,2
BRDA:232,2,0,4
BRDA:232,2,1,2
BRDA:233,3,0,0
BRDA:233,3,1,0
BRDA:241,4,0,4
BRDA:241,4,1,2
BRDA:242,5,0,4
BRDA:242,5,1,2
BRDA:243,6,0,0
BRDA:243,6,1,0
BRDA:251,7,0,4
BRDA:251,7,1,2
BRDA:252,8,0,4
BRDA:252,8,1,2
BRDA:253,9,0,0
BRDA:253,9,1,0
BRDA:261,10,0,4
BRDA:261,10,1,2
BRDA:262,11,0,4
BRDA:262,11,1,2
BRDA:263,12,0,0
BRDA:263,12,1,0
BRDA:271,13,0,4
BRDA:271,13,1,2
BRDA:272,14,0,4
BRDA:272,14,1,2
BRDA:273,15,0,0
BRDA:273,15,1,0
BRDA:281,16,0,4
BRDA:281,16,1,2
BRDA:282,17,0,4
BRDA:282,17,1,2
BRDA:283,18,0,0
BRDA:283,18,1,0
BRDA:288,19,0,4
BRDA:288,19,1,2
BRDA:289,20,0,4
BRDA:289,20,1,2
BRDA:290,21,0,0
BRDA:290,21,1,0
BRDA:294,22,0,4
BRDA:294,22,1,2
BRDA:295,23,0,1
BRDA:295,23,1,1
BRF:48
BRH:32
end_of_record
TN:
SF:src\components\HomePage.vue
FN:10,(anonymous_0)
FN:17,(anonymous_1)
FN:22,(anonymous_2)
FN:27,(anonymous_3)
FN:33,(anonymous_4)
FN:94,render
FN:95,(anonymous_6)
FN:101,(anonymous_7)
FNF:8
FNH:7
FNDA:3,(anonymous_0)
FNDA:3,(anonymous_1)
FNDA:2,(anonymous_2)
FNDA:1,(anonymous_3)
FNDA:1,(anonymous_4)
FNDA:3,render
FNDA:1,(anonymous_6)
FNDA:0,(anonymous_7)
DA:4,1
DA:7,1
DA:8,1
DA:11,3
DA:18,3
DA:23,2
DA:24,1
DA:25,1
DA:26,1
DA:27,1
DA:28,1
DA:31,1
DA:32,1
DA:33,1
DA:34,1
DA:42,1
DA:44,1
DA:45,1
DA:48,1
DA:49,1
DA:50,1
DA:51,1
DA:55,1
DA:58,1
DA:61,1
DA:65,1
DA:68,1
DA:71,1
DA:74,1
DA:77,1
DA:80,1
DA:81,1
DA:84,1
DA:89,1
DA:95,3
DA:96,1
DA:101,0
DA:104,1
LF:38
LH:37
BRDA:23,0,0,1
BRDA:23,0,1,1
BRDA:102,1,0,0
BRDA:102,1,1,1
BRDA:102,2,0,0
BRDA:102,2,1,1
BRF:6
BRH:4
end_of_record
